2025-05-29 19:31:23,306 INFO [dump] add formal task. groupKey=aimo-diary-service.yml+DEFAULT_GROUP

2025-05-29 19:31:23,329 INFO [dump] process formal task. groupKey=aimo-diary-service.yml+DEFAULT_GROUP

2025-05-29 19:31:23,381 INFO [dump] md5 changed, save to disk cache ,groupKey=aimo-diary-service.yml+DEFAULT_GROUP, newMd5=f415221eda3365d39dcf170fc4d32bce,oldMd5=

2025-05-29 19:31:23,421 INFO [dump] md5 changed, update md5 and timestamp in jvm cache ,groupKey=aimo-diary-service.yml+DEFAULT_GROUP, newMd5=f415221eda3365d39dcf170fc4d32bce,oldMd5=,lastModifiedTs=1748518283282

2025-05-29 19:34:38,002 INFO [dump] add formal task. groupKey=aimo-user-service.yml+DEFAULT_GROUP

2025-05-29 19:34:38,013 INFO [dump] process formal task. groupKey=aimo-user-service.yml+DEFAULT_GROUP

2025-05-29 19:34:38,017 INFO [dump] md5 changed, save to disk cache ,groupKey=aimo-user-service.yml+DEFAULT_GROUP, newMd5=e034bfa454e07c8a52116b70c54754b8,oldMd5=

2025-05-29 19:34:38,030 INFO [dump] md5 changed, update md5 and timestamp in jvm cache ,groupKey=aimo-user-service.yml+DEFAULT_GROUP, newMd5=e034bfa454e07c8a52116b70c54754b8,oldMd5=,lastModifiedTs=1748518477986

2025-05-29 19:37:21,609 INFO [dump] add formal task. groupKey=aimo-user-service.yml+DEFAULT_GROUP

2025-05-29 19:37:21,701 INFO [dump] process formal task. groupKey=aimo-user-service.yml+DEFAULT_GROUP

2025-05-29 19:37:21,703 INFO [dump] md5 changed, save to disk cache ,groupKey=aimo-user-service.yml+DEFAULT_GROUP, newMd5=352ce56a861bc9b6b724cf83eed6f64f,oldMd5=e034bfa454e07c8a52116b70c54754b8

2025-05-29 19:37:21,715 INFO [dump] md5 changed, update md5 and timestamp in jvm cache ,groupKey=aimo-user-service.yml+DEFAULT_GROUP, newMd5=352ce56a861bc9b6b724cf83eed6f64f,oldMd5=e034bfa454e07c8a52116b70c54754b8,lastModifiedTs=1748518641606

2025-05-29 19:37:29,850 INFO [dump] add formal task. groupKey=aimo-user-service.yml+DEFAULT_GROUP

2025-05-29 19:37:29,925 INFO [dump] process formal task. groupKey=aimo-user-service.yml+DEFAULT_GROUP

2025-05-29 19:37:29,927 WARN [dump-ignore] ignore to save to disk cache. md5 consistent,groupKey=aimo-user-service.yml+DEFAULT_GROUP, md5=352ce56a861bc9b6b724cf83eed6f64f

2025-05-29 19:37:29,928 INFO [dump] md5 consistent ,timestamp changed, update timestamp only in jvm cache ,groupKey=aimo-user-service.yml+DEFAULT_GROUP,lastModifiedTs=1748518649848

2025-05-29 19:47:30,979 INFO [dump] add formal task. groupKey=aimo-diary-service.yml+DEFAULT_GROUP

2025-05-29 19:47:31,004 INFO [dump] process formal task. groupKey=aimo-diary-service.yml+DEFAULT_GROUP

2025-05-29 19:47:31,005 INFO [dump] md5 changed, save to disk cache ,groupKey=aimo-diary-service.yml+DEFAULT_GROUP, newMd5=662b27989d31562055761dfc4b84a827,oldMd5=f415221eda3365d39dcf170fc4d32bce

2025-05-29 19:47:31,014 INFO [dump] md5 changed, update md5 and timestamp in jvm cache ,groupKey=aimo-diary-service.yml+DEFAULT_GROUP, newMd5=662b27989d31562055761dfc4b84a827,oldMd5=f415221eda3365d39dcf170fc4d32bce,lastModifiedTs=1748519250977

2025-05-29 19:51:28,354 INFO [dump] add formal task. groupKey=aimo-diary-service.yml+DEFAULT_GROUP

2025-05-29 19:51:28,372 INFO [dump] process formal task. groupKey=aimo-diary-service.yml+DEFAULT_GROUP

2025-05-29 19:51:28,373 INFO [dump] md5 changed, save to disk cache ,groupKey=aimo-diary-service.yml+DEFAULT_GROUP, newMd5=2dedde0176648b278f10368223870818,oldMd5=662b27989d31562055761dfc4b84a827

2025-05-29 19:51:28,381 INFO [dump] md5 changed, update md5 and timestamp in jvm cache ,groupKey=aimo-diary-service.yml+DEFAULT_GROUP, newMd5=2dedde0176648b278f10368223870818,oldMd5=662b27989d31562055761dfc4b84a827,lastModifiedTs=1748519488346

2025-05-29 19:54:03,023 INFO [dump] add formal task. groupKey=aimo-diary-service.yml+DEFAULT_GROUP

2025-05-29 19:54:03,038 INFO [dump] process formal task. groupKey=aimo-diary-service.yml+DEFAULT_GROUP

2025-05-29 19:54:03,039 INFO [dump] md5 changed, save to disk cache ,groupKey=aimo-diary-service.yml+DEFAULT_GROUP, newMd5=6e5d78d55ef42831bc537f5baaf1891c,oldMd5=2dedde0176648b278f10368223870818

2025-05-29 19:54:03,050 INFO [dump] md5 changed, update md5 and timestamp in jvm cache ,groupKey=aimo-diary-service.yml+DEFAULT_GROUP, newMd5=6e5d78d55ef42831bc537f5baaf1891c,oldMd5=2dedde0176648b278f10368223870818,lastModifiedTs=1748519643019

2025-05-29 19:58:00,793 INFO [dump] md5 changed, save to disk cache ,groupKey=aimo-diary-service.yml+DEFAULT_GROUP, newMd5=6e5d78d55ef42831bc537f5baaf1891c,oldMd5=

2025-05-29 19:58:00,793 INFO [dump] md5 changed, save to disk cache ,groupKey=aimo-user-service.yml+DEFAULT_GROUP, newMd5=352ce56a861bc9b6b724cf83eed6f64f,oldMd5=

2025-05-29 19:58:00,817 INFO [dump] md5 changed, update md5 and timestamp in jvm cache ,groupKey=aimo-user-service.yml+DEFAULT_GROUP, newMd5=352ce56a861bc9b6b724cf83eed6f64f,oldMd5=,lastModifiedTs=1748518649848

2025-05-29 19:58:00,817 INFO [dump] md5 changed, update md5 and timestamp in jvm cache ,groupKey=aimo-diary-service.yml+DEFAULT_GROUP, newMd5=6e5d78d55ef42831bc537f5baaf1891c,oldMd5=,lastModifiedTs=1748519643019

2025-05-29 19:58:00,820 INFO [dump-all-ok] aimo-user-service.yml+DEFAULT_GROUP, 1748518649848, length=360,md5UTF8=352ce56a861bc9b6b724cf83eed6f64f

2025-05-29 19:58:00,820 INFO [dump-all-ok] aimo-diary-service.yml+DEFAULT_GROUP, 1748519643019, length=1006,md5UTF8=6e5d78d55ef42831bc537f5baaf1891c

2025-05-29 20:06:28,808 INFO [dump] add formal task. groupKey=aimo-diary-service.yml+DEFAULT_GROUP

2025-05-29 20:06:28,819 INFO [dump] add formal task. groupKey=aimo-user-service.yml+DEFAULT_GROUP

2025-05-29 20:06:28,842 INFO [dump] process formal task. groupKey=aimo-user-service.yml+DEFAULT_GROUP

2025-05-29 20:06:28,847 INFO [dump] remove  local disk cache,groupKey=aimo-user-service.yml+DEFAULT_GROUP 

2025-05-29 20:06:28,854 INFO [dump] remove  local jvm cache,groupKey=aimo-user-service.yml+DEFAULT_GROUP 

2025-05-29 20:06:28,855 INFO [dump] process formal task. groupKey=aimo-diary-service.yml+DEFAULT_GROUP

2025-05-29 20:06:28,856 INFO [dump] remove  local disk cache,groupKey=aimo-diary-service.yml+DEFAULT_GROUP 

2025-05-29 20:06:28,862 INFO [dump] remove  local jvm cache,groupKey=aimo-diary-service.yml+DEFAULT_GROUP 

