2025-05-30 08:56:11,911 INFO Starting Nacos v2.5.1 using Java 1.8.0_442 on a15ff3f20ebb with PID 1 (/home/nacos/target/nacos-server.jar started by root in /home/nacos)

2025-05-30 08:56:11,922 INFO The following 1 profile is active: "standalone"

2025-05-30 08:56:12,134 INFO Load Nacos package exclude filter success, package prefix com.alibaba.nacos.config.server, filter com.alibaba.nacos.config.server.filter.ConfigEnabledFilter

2025-05-30 08:56:12,135 INFO Load Nacos package exclude filter success, package prefix com.alibaba.nacos.naming, filter com.alibaba.nacos.naming.config.NamingEnabledFilter

2025-05-30 08:56:12,136 INFO Load Nacos package exclude filter success, package prefix com.alibaba.nacos.istio, filter com.alibaba.nacos.istio.config.IstioEnabledFilter

2025-05-30 08:56:12,371 INFO Skip @SpringBootApplication annotation for class com.alibaba.nacos.config.server.Config to avoid duplicate scan

2025-05-30 08:56:12,518 INFO Skip @SpringBootApplication annotation for class com.alibaba.nacos.naming.NamingApp to avoid duplicate scan

2025-05-30 08:56:12,532 INFO Skip @SpringBootApplication annotation for class com.alibaba.nacos.cmdb.CmdbApp to avoid duplicate scan

2025-05-30 08:56:12,547 WARN Istio module disabled because set nacos.extension.naming.istio.enabled as false

2025-05-30 08:56:12,548 WARN Istio module disabled because set nacos.extension.naming.istio.enabled as false

2025-05-30 08:56:12,550 WARN Istio module disabled because set nacos.extension.naming.istio.enabled as false

2025-05-30 08:56:12,550 WARN Istio module disabled because set nacos.extension.naming.istio.enabled as false

2025-05-30 08:56:12,551 WARN Istio module disabled because set nacos.extension.naming.istio.enabled as false

2025-05-30 08:56:12,552 WARN Istio module disabled because set nacos.extension.naming.istio.enabled as false

2025-05-30 08:56:12,554 WARN Istio module disabled because set nacos.extension.naming.istio.enabled as false

2025-05-30 08:56:12,555 WARN Istio module disabled because set nacos.extension.naming.istio.enabled as false

2025-05-30 08:56:12,556 WARN Istio module disabled because set nacos.extension.naming.istio.enabled as false

2025-05-30 08:56:12,557 WARN Istio module disabled because set nacos.extension.naming.istio.enabled as false

2025-05-30 08:56:12,558 WARN Istio module disabled because set nacos.extension.naming.istio.enabled as false

2025-05-30 08:56:12,558 WARN Istio module disabled because set nacos.extension.naming.istio.enabled as false

2025-05-30 08:56:12,559 WARN Istio module disabled because set nacos.extension.naming.istio.enabled as false

2025-05-30 08:56:12,560 WARN Istio module disabled because set nacos.extension.naming.istio.enabled as false

2025-05-30 08:56:12,561 WARN Istio module disabled because set nacos.extension.naming.istio.enabled as false

2025-05-30 08:56:12,563 WARN Istio module disabled because set nacos.extension.naming.istio.enabled as false

2025-05-30 08:56:12,563 WARN Istio module disabled because set nacos.extension.naming.istio.enabled as false

2025-05-30 08:56:12,564 WARN Istio module disabled because set nacos.extension.naming.istio.enabled as false

2025-05-30 08:56:12,564 WARN Istio module disabled because set nacos.extension.naming.istio.enabled as false

2025-05-30 08:56:12,565 WARN Istio module disabled because set nacos.extension.naming.istio.enabled as false

2025-05-30 08:56:12,566 WARN Istio module disabled because set nacos.extension.naming.istio.enabled as false

2025-05-30 08:56:12,567 WARN Istio module disabled because set nacos.extension.naming.istio.enabled as false

2025-05-30 08:56:12,568 WARN Istio module disabled because set nacos.extension.naming.istio.enabled as false

2025-05-30 08:56:12,568 WARN Istio module disabled because set nacos.extension.naming.istio.enabled as false

2025-05-30 08:56:12,569 WARN Istio module disabled because set nacos.extension.naming.istio.enabled as false

2025-05-30 08:56:12,569 INFO Skip @SpringBootApplication annotation for class com.alibaba.nacos.istio.IstioApp to avoid duplicate scan

2025-05-30 08:56:12,570 WARN Istio module disabled because set nacos.extension.naming.istio.enabled as false

2025-05-30 08:56:12,571 WARN Istio module disabled because set nacos.extension.naming.istio.enabled as false

2025-05-30 08:56:12,571 WARN Istio module disabled because set nacos.extension.naming.istio.enabled as false

2025-05-30 08:56:12,572 WARN Istio module disabled because set nacos.extension.naming.istio.enabled as false

2025-05-30 08:56:12,572 WARN Istio module disabled because set nacos.extension.naming.istio.enabled as false

2025-05-30 08:56:12,573 WARN Istio module disabled because set nacos.extension.naming.istio.enabled as false

2025-05-30 08:56:12,573 WARN Istio module disabled because set nacos.extension.naming.istio.enabled as false

2025-05-30 08:56:12,574 WARN Istio module disabled because set nacos.extension.naming.istio.enabled as false

2025-05-30 08:56:12,575 WARN Istio module disabled because set nacos.extension.naming.istio.enabled as false

2025-05-30 08:56:12,575 WARN Istio module disabled because set nacos.extension.naming.istio.enabled as false

2025-05-30 08:56:12,576 WARN Istio module disabled because set nacos.extension.naming.istio.enabled as false

2025-05-30 08:56:12,950 INFO Skip @SpringBootApplication annotation for class com.alibaba.nacos.prometheus.PrometheusApp to avoid duplicate scan

2025-05-30 08:56:14,848 INFO Tomcat initialized with port(s): 8848 (http)

2025-05-30 08:56:14,864 INFO Starting service [Tomcat]

2025-05-30 08:56:14,864 INFO Starting Servlet engine: [Apache Tomcat/9.0.98]

2025-05-30 08:56:14,968 INFO Initializing Spring embedded WebApplicationContext

2025-05-30 08:56:14,969 INFO Root WebApplicationContext: initialization completed in 2947 ms

2025-05-30 08:56:15,040 INFO Not found ServerIdentityChecker implementation from SPI, use default.

2025-05-30 08:56:15,277 INFO Nacos-related cluster resource initialization

2025-05-30 08:56:15,283 INFO Load com.alibaba.nacos.core.ability.RemoteAbilityInitializer for ServerAbilityInitializer

2025-05-30 08:56:15,284 INFO Load com.alibaba.nacos.naming.ability.NamingAbilityInitializer for ServerAbilityInitializer

2025-05-30 08:56:15,295 INFO The cluster resource is initialized

2025-05-30 08:56:16,052 INFO HikariPool-1 - Starting...

2025-05-30 08:56:16,058 WARN Registered driver with driverClassName=org.apache.derby.jdbc.EmbeddedDriver was not found, trying direct instantiation.

2025-05-30 08:56:18,207 INFO HikariPool-1 - Driver does not support get/set network timeout for connections. (Feature not implemented: No details.)

2025-05-30 08:56:18,211 INFO HikariPool-1 - Start completed.

2025-05-30 08:56:19,374 INFO [MapperManager] Load Mapper(class com.alibaba.nacos.plugin.datasource.impl.mysql.ConfigInfoBetaMapperByMySql) datasource(mysql) tableName(config_info_beta) successfully.

2025-05-30 08:56:19,375 INFO [MapperManager] Load Mapper(class com.alibaba.nacos.plugin.datasource.impl.mysql.ConfigInfoMapperByMySql) datasource(mysql) tableName(config_info) successfully.

2025-05-30 08:56:19,376 INFO [MapperManager] Load Mapper(class com.alibaba.nacos.plugin.datasource.impl.mysql.ConfigInfoTagMapperByMySql) datasource(mysql) tableName(config_info_tag) successfully.

2025-05-30 08:56:19,376 INFO [MapperManager] Load Mapper(class com.alibaba.nacos.plugin.datasource.impl.mysql.ConfigInfoGrayMapperByMySql) datasource(mysql) tableName(config_info_gray) successfully.

2025-05-30 08:56:19,377 INFO [MapperManager] Load Mapper(class com.alibaba.nacos.plugin.datasource.impl.mysql.ConfigTagsRelationMapperByMySql) datasource(mysql) tableName(config_tags_relation) successfully.

2025-05-30 08:56:19,377 INFO [MapperManager] Load Mapper(class com.alibaba.nacos.plugin.datasource.impl.mysql.HistoryConfigInfoMapperByMySql) datasource(mysql) tableName(his_config_info) successfully.

2025-05-30 08:56:19,378 INFO [MapperManager] Load Mapper(class com.alibaba.nacos.plugin.datasource.impl.mysql.TenantInfoMapperByMySql) datasource(mysql) tableName(tenant_info) successfully.

2025-05-30 08:56:19,378 INFO [MapperManager] Load Mapper(class com.alibaba.nacos.plugin.datasource.impl.mysql.TenantCapacityMapperByMySql) datasource(mysql) tableName(tenant_capacity) successfully.

2025-05-30 08:56:19,378 INFO [MapperManager] Load Mapper(class com.alibaba.nacos.plugin.datasource.impl.mysql.GroupCapacityMapperByMysql) datasource(mysql) tableName(group_capacity) successfully.

2025-05-30 08:56:19,378 INFO [MapperManager] Load Mapper(class com.alibaba.nacos.plugin.datasource.impl.derby.ConfigInfoBetaMapperByDerby) datasource(derby) tableName(config_info_beta) successfully.

2025-05-30 08:56:19,378 INFO [MapperManager] Load Mapper(class com.alibaba.nacos.plugin.datasource.impl.derby.ConfigInfoMapperByDerby) datasource(derby) tableName(config_info) successfully.

2025-05-30 08:56:19,378 INFO [MapperManager] Load Mapper(class com.alibaba.nacos.plugin.datasource.impl.derby.ConfigInfoTagMapperByDerby) datasource(derby) tableName(config_info_tag) successfully.

2025-05-30 08:56:19,379 INFO [MapperManager] Load Mapper(class com.alibaba.nacos.plugin.datasource.impl.derby.ConfigInfoGrayMapperByDerby) datasource(derby) tableName(config_info_gray) successfully.

2025-05-30 08:56:19,379 INFO [MapperManager] Load Mapper(class com.alibaba.nacos.plugin.datasource.impl.derby.ConfigInfoTagsRelationMapperByDerby) datasource(derby) tableName(config_tags_relation) successfully.

2025-05-30 08:56:19,379 INFO [MapperManager] Load Mapper(class com.alibaba.nacos.plugin.datasource.impl.derby.HistoryConfigInfoMapperByDerby) datasource(derby) tableName(his_config_info) successfully.

2025-05-30 08:56:19,379 INFO [MapperManager] Load Mapper(class com.alibaba.nacos.plugin.datasource.impl.derby.TenantInfoMapperByDerby) datasource(derby) tableName(tenant_info) successfully.

2025-05-30 08:56:19,380 INFO [MapperManager] Load Mapper(class com.alibaba.nacos.plugin.datasource.impl.derby.TenantCapacityMapperByDerby) datasource(derby) tableName(tenant_capacity) successfully.

2025-05-30 08:56:19,380 INFO [MapperManager] Load Mapper(class com.alibaba.nacos.plugin.datasource.impl.derby.GroupCapacityMapperByDerby) datasource(derby) tableName(group_capacity) successfully.

2025-05-30 08:56:19,480 INFO ConfigQueryHandlerChain has been initialized successfully with chain: nacos

2025-05-30 08:56:19,777 INFO Get historyConfigCleaner config from env, activeHistoryConfigCleaner{ activeHistoryConfigCleaner=nacos}

2025-05-30 08:56:20,378 INFO Ready to get current node abilities...

2025-05-30 08:56:20,381 INFO Ready to initialize current node abilities, support modes: [SDK_CLIENT, CLUSTER_CLIENT, SERVER]

2025-05-30 08:56:20,382 INFO Initialize current abilities finish...

2025-05-30 08:56:20,384 INFO Ready to get current node abilities...

2025-05-30 08:56:20,384 INFO Ready to initialize current node abilities, support modes: [SDK_CLIENT]

2025-05-30 08:56:20,385 INFO Initialize current abilities finish...

2025-05-30 08:56:20,385 INFO [AbilityControlManager] Successfully initialize AbilityControlManager

2025-05-30 08:56:22,433 INFO Will secure any request with [org.springframework.security.web.session.DisableEncodeUrlFilter@a565cbd, org.springframework.security.web.context.request.async.WebAsyncManagerIntegrationFilter@6fc29daa, org.springframework.security.web.context.SecurityContextPersistenceFilter@4f5f6e45, org.springframework.security.web.header.HeaderWriterFilter@3c0bbc9f, org.springframework.security.web.csrf.CsrfFilter@44550792, org.springframework.security.web.authentication.logout.LogoutFilter@49fe3142, org.springframework.security.web.savedrequest.RequestCacheAwareFilter@407873d3, org.springframework.security.web.servletapi.SecurityContextHolderAwareRequestFilter@5412bfea, org.springframework.security.web.authentication.AnonymousAuthenticationFilter@2f66f0d0, org.springframework.security.web.session.SessionManagementFilter@6438a7fe, org.springframework.security.web.access.ExceptionTranslationFilter@260a3a5e]

2025-05-30 08:56:22,699 INFO Adding welcome page: class path resource [static/index.html]

2025-05-30 08:56:23,201 INFO Exposing 1 endpoint(s) beneath base path '/actuator'

2025-05-30 08:56:23,222 WARN You are asking Spring Security to ignore Ant [pattern='/**']. This is not recommended -- please use permitAll via HttpSecurity#authorizeHttpRequests instead.

2025-05-30 08:56:23,223 INFO Will not secure Ant [pattern='/**']

2025-05-30 08:56:23,224 WARN You are asking Spring Security to ignore Mvc [pattern='/prometheus']. This is not recommended -- please use permitAll via HttpSecurity#authorizeHttpRequests instead.

2025-05-30 08:56:23,225 INFO Will not secure Mvc [pattern='/prometheus']

2025-05-30 08:56:23,225 WARN You are asking Spring Security to ignore Mvc [pattern='/prometheus/namespaceId/{namespaceId}']. This is not recommended -- please use permitAll via HttpSecurity#authorizeHttpRequests instead.

2025-05-30 08:56:23,226 INFO Will not secure Mvc [pattern='/prometheus/namespaceId/{namespaceId}']

2025-05-30 08:56:23,226 WARN You are asking Spring Security to ignore Mvc [pattern='/prometheus/namespaceId/{namespaceId}/service/{service}']. This is not recommended -- please use permitAll via HttpSecurity#authorizeHttpRequests instead.

2025-05-30 08:56:23,227 INFO Will not secure Mvc [pattern='/prometheus/namespaceId/{namespaceId}/service/{service}']

2025-05-30 08:56:23,309 INFO Tomcat started on port(s): 8848 (http) with context path '/nacos'

2025-05-30 08:56:23,328 INFO No TaskScheduler/ScheduledExecutorService bean found for scheduled processing

2025-05-30 08:56:23,429 INFO Started Nacos in 12.86 seconds (JVM running for 13.913)

2025-05-30 08:56:23,430 INFO Nacos started successfully in stand alone mode. use embedded storage

2025-05-30 08:56:30,002 INFO Get topN config from env, TopNConfig{enabled=true, topNCount=10, internalMs=0}

2025-05-30 09:05:51,994 INFO [capacityManagement] start correct usage

2025-05-30 09:05:52,256 INFO [capacityManagement] end correct usage, cost: 0.258774405s

2025-05-30 09:05:52,301 WARN clearHistoryConfig get scheduled

2025-05-30 09:05:52,302 WARN clearHistoryConfig is enable in current context, try to run cleaner

2025-05-30 09:05:52,304 WARN clearConfigHistory, getBeforeStamp:2025-04-30 09:05:52.0, pageSize:1000

2025-05-30 09:05:52,331 WARN history config cleaner successfully

2025-05-30 09:15:29,973 INFO [capacityManagement] start correct usage

2025-05-30 09:15:30,048 WARN clearHistoryConfig get scheduled

2025-05-30 09:15:30,049 WARN clearHistoryConfig is enable in current context, try to run cleaner

2025-05-30 09:15:30,050 WARN clearConfigHistory, getBeforeStamp:2025-04-30 09:15:30.0, pageSize:1000

2025-05-30 09:15:30,055 WARN history config cleaner successfully

2025-05-30 09:15:30,084 INFO [capacityManagement] end correct usage, cost: 0.107706455s

2025-05-30 09:25:03,622 WARN clearHistoryConfig get scheduled

2025-05-30 09:25:03,624 WARN clearHistoryConfig is enable in current context, try to run cleaner

2025-05-30 09:25:03,625 WARN clearConfigHistory, getBeforeStamp:2025-04-30 09:25:03.0, pageSize:1000

2025-05-30 09:25:03,627 WARN history config cleaner successfully

2025-05-30 09:25:03,649 INFO [capacityManagement] start correct usage

2025-05-30 09:25:03,757 INFO [capacityManagement] end correct usage, cost: 0.107909024s

2025-05-30 09:34:34,110 WARN clearHistoryConfig get scheduled

2025-05-30 09:34:34,111 WARN clearHistoryConfig is enable in current context, try to run cleaner

2025-05-30 09:34:34,112 WARN clearConfigHistory, getBeforeStamp:2025-04-30 09:34:34.0, pageSize:1000

2025-05-30 09:34:34,114 WARN history config cleaner successfully

2025-05-30 09:34:34,233 INFO [capacityManagement] start correct usage

2025-05-30 09:34:34,342 INFO [capacityManagement] end correct usage, cost: 0.107266528s

2025-05-30 09:44:03,087 WARN clearHistoryConfig get scheduled

2025-05-30 09:44:03,088 WARN clearHistoryConfig is enable in current context, try to run cleaner

2025-05-30 09:44:03,089 WARN clearConfigHistory, getBeforeStamp:2025-04-30 09:44:03.0, pageSize:1000

2025-05-30 09:44:03,090 WARN history config cleaner successfully

2025-05-30 09:44:03,324 INFO [capacityManagement] start correct usage

2025-05-30 09:44:03,437 INFO [capacityManagement] end correct usage, cost: 0.112166262s

2025-05-30 09:53:31,447 WARN clearHistoryConfig get scheduled

2025-05-30 09:53:31,449 WARN clearHistoryConfig is enable in current context, try to run cleaner

2025-05-30 09:53:31,452 WARN clearConfigHistory, getBeforeStamp:2025-04-30 09:53:31.0, pageSize:1000

2025-05-30 09:53:31,454 WARN history config cleaner successfully

2025-05-30 09:53:31,796 INFO [capacityManagement] start correct usage

2025-05-30 09:53:31,904 INFO [capacityManagement] end correct usage, cost: 0.107060294s

2025-05-30 10:02:59,500 WARN clearHistoryConfig get scheduled

2025-05-30 10:02:59,502 WARN clearHistoryConfig is enable in current context, try to run cleaner

2025-05-30 10:02:59,503 WARN clearConfigHistory, getBeforeStamp:2025-04-30 10:02:59.0, pageSize:1000

2025-05-30 10:02:59,504 WARN history config cleaner successfully

2025-05-30 10:02:59,951 INFO [capacityManagement] start correct usage

2025-05-30 10:03:00,061 INFO [capacityManagement] end correct usage, cost: 0.108886043s

2025-05-30 10:12:27,444 WARN clearHistoryConfig get scheduled

2025-05-30 10:12:27,446 WARN clearHistoryConfig is enable in current context, try to run cleaner

2025-05-30 10:12:27,448 WARN clearConfigHistory, getBeforeStamp:2025-04-30 10:12:27.0, pageSize:1000

2025-05-30 10:12:27,450 WARN history config cleaner successfully

2025-05-30 10:12:28,003 INFO [capacityManagement] start correct usage

2025-05-30 10:12:28,114 INFO [capacityManagement] end correct usage, cost: 0.108844144s

2025-05-30 10:21:55,427 WARN clearHistoryConfig get scheduled

2025-05-30 10:21:55,429 WARN clearHistoryConfig is enable in current context, try to run cleaner

2025-05-30 10:21:55,430 WARN clearConfigHistory, getBeforeStamp:2025-04-30 10:21:55.0, pageSize:1000

2025-05-30 10:21:55,433 WARN history config cleaner successfully

2025-05-30 10:21:56,089 INFO [capacityManagement] start correct usage

2025-05-30 10:21:56,196 INFO [capacityManagement] end correct usage, cost: 0.106402931s

2025-05-30 10:31:23,347 WARN clearHistoryConfig get scheduled

2025-05-30 10:31:23,350 WARN clearHistoryConfig is enable in current context, try to run cleaner

2025-05-30 10:31:23,351 WARN clearConfigHistory, getBeforeStamp:2025-04-30 10:31:23.0, pageSize:1000

2025-05-30 10:31:23,353 WARN history config cleaner successfully

2025-05-30 10:31:24,103 INFO [capacityManagement] start correct usage

2025-05-30 10:31:24,210 INFO [capacityManagement] end correct usage, cost: 0.10682617s

2025-05-30 10:40:51,506 WARN clearHistoryConfig get scheduled

2025-05-30 10:40:51,507 WARN clearHistoryConfig is enable in current context, try to run cleaner

2025-05-30 10:40:51,508 WARN clearConfigHistory, getBeforeStamp:2025-04-30 10:40:51.0, pageSize:1000

2025-05-30 10:40:51,510 WARN history config cleaner successfully

2025-05-30 10:40:52,361 INFO [capacityManagement] start correct usage

2025-05-30 10:40:52,471 INFO [capacityManagement] end correct usage, cost: 0.105112296s

2025-05-30 10:50:19,616 WARN clearHistoryConfig get scheduled

2025-05-30 10:50:19,617 WARN clearHistoryConfig is enable in current context, try to run cleaner

2025-05-30 10:50:19,618 WARN clearConfigHistory, getBeforeStamp:2025-04-30 10:50:19.0, pageSize:1000

2025-05-30 10:50:19,620 WARN history config cleaner successfully

2025-05-30 10:50:20,582 INFO [capacityManagement] start correct usage

2025-05-30 10:50:20,689 INFO [capacityManagement] end correct usage, cost: 0.106030757s

2025-05-30 10:59:48,032 WARN clearHistoryConfig get scheduled

2025-05-30 10:59:48,033 WARN clearHistoryConfig is enable in current context, try to run cleaner

2025-05-30 10:59:48,035 WARN clearConfigHistory, getBeforeStamp:2025-04-30 10:59:48.0, pageSize:1000

2025-05-30 10:59:48,036 WARN history config cleaner successfully

2025-05-30 10:59:49,100 INFO [capacityManagement] start correct usage

2025-05-30 10:59:49,208 INFO [capacityManagement] end correct usage, cost: 0.106378972s

2025-05-30 11:09:16,467 WARN clearHistoryConfig get scheduled

2025-05-30 11:09:16,469 WARN clearHistoryConfig is enable in current context, try to run cleaner

2025-05-30 11:09:16,471 WARN clearConfigHistory, getBeforeStamp:2025-04-30 11:09:16.0, pageSize:1000

2025-05-30 11:09:16,475 WARN history config cleaner successfully

2025-05-30 11:09:17,637 INFO [capacityManagement] start correct usage

2025-05-30 11:09:17,746 INFO [capacityManagement] end correct usage, cost: 0.106633688s

2025-05-30 11:18:45,939 WARN clearHistoryConfig get scheduled

2025-05-30 11:18:45,941 WARN clearHistoryConfig is enable in current context, try to run cleaner

2025-05-30 11:18:45,942 WARN clearConfigHistory, getBeforeStamp:2025-04-30 11:18:45.0, pageSize:1000

2025-05-30 11:18:45,944 WARN history config cleaner successfully

2025-05-30 11:18:47,208 INFO [capacityManagement] start correct usage

2025-05-30 11:18:47,321 INFO [capacityManagement] end correct usage, cost: 0.110326369s

2025-05-30 11:28:14,106 WARN clearHistoryConfig get scheduled

2025-05-30 11:28:14,108 WARN clearHistoryConfig is enable in current context, try to run cleaner

2025-05-30 11:28:14,110 WARN clearConfigHistory, getBeforeStamp:2025-04-30 11:28:14.0, pageSize:1000

2025-05-30 11:28:14,116 WARN history config cleaner successfully

2025-05-30 11:28:15,483 INFO [capacityManagement] start correct usage

2025-05-30 11:28:15,590 INFO [capacityManagement] end correct usage, cost: 0.105699301s

2025-05-30 11:37:43,305 WARN clearHistoryConfig get scheduled

2025-05-30 11:37:43,308 WARN clearHistoryConfig is enable in current context, try to run cleaner

2025-05-30 11:37:43,311 WARN clearConfigHistory, getBeforeStamp:2025-04-30 11:37:43.0, pageSize:1000

2025-05-30 11:37:43,313 WARN history config cleaner successfully

2025-05-30 11:37:44,777 INFO [capacityManagement] start correct usage

2025-05-30 11:37:44,885 INFO [capacityManagement] end correct usage, cost: 0.106943682s

2025-05-30 11:44:39,758 WARN [WatchFileCenter] start close

2025-05-30 11:44:39,758 INFO [ThreadPoolManager] Start destroying ThreadPool

2025-05-30 11:44:39,757 INFO [NotifyCenter] Start destroying Publisher

2025-05-30 11:44:39,758 INFO [HttpClientBeanHolder] Start destroying common HttpClient

2025-05-30 11:44:39,760 WARN [WatchFileCenter] start to shutdown this watcher which is watch : /home/nacos/conf

2025-05-30 11:44:39,762 INFO [NotifyCenter] Completed destruction of Publisher

2025-05-30 11:44:39,768 WARN [WatchFileCenter] already closed

2025-05-30 11:44:39,786 INFO [HttpClientBeanHolder] Completed destruction of HttpClient

2025-05-30 18:16:09,269 INFO Starting Nacos v2.5.1 using Java 1.8.0_442 on a15ff3f20ebb with PID 1 (/home/nacos/target/nacos-server.jar started by root in /home/nacos)

2025-05-30 18:16:09,270 INFO The following 1 profile is active: "standalone"

2025-05-30 18:16:09,452 INFO Load Nacos package exclude filter success, package prefix com.alibaba.nacos.config.server, filter com.alibaba.nacos.config.server.filter.ConfigEnabledFilter

2025-05-30 18:16:09,453 INFO Load Nacos package exclude filter success, package prefix com.alibaba.nacos.naming, filter com.alibaba.nacos.naming.config.NamingEnabledFilter

2025-05-30 18:16:09,454 INFO Load Nacos package exclude filter success, package prefix com.alibaba.nacos.istio, filter com.alibaba.nacos.istio.config.IstioEnabledFilter

2025-05-30 18:16:09,645 INFO Skip @SpringBootApplication annotation for class com.alibaba.nacos.config.server.Config to avoid duplicate scan

2025-05-30 18:16:09,775 INFO Skip @SpringBootApplication annotation for class com.alibaba.nacos.naming.NamingApp to avoid duplicate scan

2025-05-30 18:16:09,787 INFO Skip @SpringBootApplication annotation for class com.alibaba.nacos.cmdb.CmdbApp to avoid duplicate scan

2025-05-30 18:16:09,801 WARN Istio module disabled because set nacos.extension.naming.istio.enabled as false

2025-05-30 18:16:09,801 WARN Istio module disabled because set nacos.extension.naming.istio.enabled as false

2025-05-30 18:16:09,802 WARN Istio module disabled because set nacos.extension.naming.istio.enabled as false

2025-05-30 18:16:09,803 WARN Istio module disabled because set nacos.extension.naming.istio.enabled as false

2025-05-30 18:16:09,803 WARN Istio module disabled because set nacos.extension.naming.istio.enabled as false

2025-05-30 18:16:09,804 WARN Istio module disabled because set nacos.extension.naming.istio.enabled as false

2025-05-30 18:16:09,804 WARN Istio module disabled because set nacos.extension.naming.istio.enabled as false

2025-05-30 18:16:09,805 WARN Istio module disabled because set nacos.extension.naming.istio.enabled as false

2025-05-30 18:16:09,806 WARN Istio module disabled because set nacos.extension.naming.istio.enabled as false

2025-05-30 18:16:09,806 WARN Istio module disabled because set nacos.extension.naming.istio.enabled as false

2025-05-30 18:16:09,807 WARN Istio module disabled because set nacos.extension.naming.istio.enabled as false

2025-05-30 18:16:09,807 WARN Istio module disabled because set nacos.extension.naming.istio.enabled as false

2025-05-30 18:16:09,807 WARN Istio module disabled because set nacos.extension.naming.istio.enabled as false

2025-05-30 18:16:09,808 WARN Istio module disabled because set nacos.extension.naming.istio.enabled as false

2025-05-30 18:16:09,808 WARN Istio module disabled because set nacos.extension.naming.istio.enabled as false

2025-05-30 18:16:09,809 WARN Istio module disabled because set nacos.extension.naming.istio.enabled as false

2025-05-30 18:16:09,810 WARN Istio module disabled because set nacos.extension.naming.istio.enabled as false

2025-05-30 18:16:09,810 WARN Istio module disabled because set nacos.extension.naming.istio.enabled as false

2025-05-30 18:16:09,810 WARN Istio module disabled because set nacos.extension.naming.istio.enabled as false

2025-05-30 18:16:09,811 WARN Istio module disabled because set nacos.extension.naming.istio.enabled as false

2025-05-30 18:16:09,811 WARN Istio module disabled because set nacos.extension.naming.istio.enabled as false

2025-05-30 18:16:09,812 WARN Istio module disabled because set nacos.extension.naming.istio.enabled as false

2025-05-30 18:16:09,812 WARN Istio module disabled because set nacos.extension.naming.istio.enabled as false

2025-05-30 18:16:09,813 WARN Istio module disabled because set nacos.extension.naming.istio.enabled as false

2025-05-30 18:16:09,814 WARN Istio module disabled because set nacos.extension.naming.istio.enabled as false

2025-05-30 18:16:09,815 INFO Skip @SpringBootApplication annotation for class com.alibaba.nacos.istio.IstioApp to avoid duplicate scan

2025-05-30 18:16:09,815 WARN Istio module disabled because set nacos.extension.naming.istio.enabled as false

2025-05-30 18:16:09,816 WARN Istio module disabled because set nacos.extension.naming.istio.enabled as false

2025-05-30 18:16:09,816 WARN Istio module disabled because set nacos.extension.naming.istio.enabled as false

2025-05-30 18:16:09,817 WARN Istio module disabled because set nacos.extension.naming.istio.enabled as false

2025-05-30 18:16:09,817 WARN Istio module disabled because set nacos.extension.naming.istio.enabled as false

2025-05-30 18:16:09,818 WARN Istio module disabled because set nacos.extension.naming.istio.enabled as false

2025-05-30 18:16:09,818 WARN Istio module disabled because set nacos.extension.naming.istio.enabled as false

2025-05-30 18:16:09,819 WARN Istio module disabled because set nacos.extension.naming.istio.enabled as false

2025-05-30 18:16:09,819 WARN Istio module disabled because set nacos.extension.naming.istio.enabled as false

2025-05-30 18:16:09,820 WARN Istio module disabled because set nacos.extension.naming.istio.enabled as false

2025-05-30 18:16:09,821 WARN Istio module disabled because set nacos.extension.naming.istio.enabled as false

2025-05-30 18:16:10,122 INFO Skip @SpringBootApplication annotation for class com.alibaba.nacos.prometheus.PrometheusApp to avoid duplicate scan

2025-05-30 18:16:11,944 INFO Tomcat initialized with port(s): 8848 (http)

2025-05-30 18:16:11,957 INFO Starting service [Tomcat]

2025-05-30 18:16:11,958 INFO Starting Servlet engine: [Apache Tomcat/9.0.98]

2025-05-30 18:16:12,079 INFO Initializing Spring embedded WebApplicationContext

2025-05-30 18:16:12,079 INFO Root WebApplicationContext: initialization completed in 2730 ms

2025-05-30 18:16:12,142 INFO Not found ServerIdentityChecker implementation from SPI, use default.

2025-05-30 18:16:12,405 INFO Nacos-related cluster resource initialization

2025-05-30 18:16:12,411 INFO Load com.alibaba.nacos.core.ability.RemoteAbilityInitializer for ServerAbilityInitializer

2025-05-30 18:16:12,411 INFO Load com.alibaba.nacos.naming.ability.NamingAbilityInitializer for ServerAbilityInitializer

2025-05-30 18:16:12,414 INFO The cluster resource is initialized

2025-05-30 18:16:13,220 INFO HikariPool-1 - Starting...

2025-05-30 18:16:13,225 WARN Registered driver with driverClassName=org.apache.derby.jdbc.EmbeddedDriver was not found, trying direct instantiation.

2025-05-30 18:16:15,917 INFO HikariPool-1 - Driver does not support get/set network timeout for connections. (Feature not implemented: No details.)

2025-05-30 18:16:15,921 INFO HikariPool-1 - Start completed.

2025-05-30 18:16:17,176 INFO [MapperManager] Load Mapper(class com.alibaba.nacos.plugin.datasource.impl.mysql.ConfigInfoBetaMapperByMySql) datasource(mysql) tableName(config_info_beta) successfully.

2025-05-30 18:16:17,177 INFO [MapperManager] Load Mapper(class com.alibaba.nacos.plugin.datasource.impl.mysql.ConfigInfoMapperByMySql) datasource(mysql) tableName(config_info) successfully.

2025-05-30 18:16:17,179 INFO [MapperManager] Load Mapper(class com.alibaba.nacos.plugin.datasource.impl.mysql.ConfigInfoTagMapperByMySql) datasource(mysql) tableName(config_info_tag) successfully.

2025-05-30 18:16:17,179 INFO [MapperManager] Load Mapper(class com.alibaba.nacos.plugin.datasource.impl.mysql.ConfigInfoGrayMapperByMySql) datasource(mysql) tableName(config_info_gray) successfully.

2025-05-30 18:16:17,180 INFO [MapperManager] Load Mapper(class com.alibaba.nacos.plugin.datasource.impl.mysql.ConfigTagsRelationMapperByMySql) datasource(mysql) tableName(config_tags_relation) successfully.

2025-05-30 18:16:17,181 INFO [MapperManager] Load Mapper(class com.alibaba.nacos.plugin.datasource.impl.mysql.HistoryConfigInfoMapperByMySql) datasource(mysql) tableName(his_config_info) successfully.

2025-05-30 18:16:17,181 INFO [MapperManager] Load Mapper(class com.alibaba.nacos.plugin.datasource.impl.mysql.TenantInfoMapperByMySql) datasource(mysql) tableName(tenant_info) successfully.

2025-05-30 18:16:17,182 INFO [MapperManager] Load Mapper(class com.alibaba.nacos.plugin.datasource.impl.mysql.TenantCapacityMapperByMySql) datasource(mysql) tableName(tenant_capacity) successfully.

2025-05-30 18:16:17,183 INFO [MapperManager] Load Mapper(class com.alibaba.nacos.plugin.datasource.impl.mysql.GroupCapacityMapperByMysql) datasource(mysql) tableName(group_capacity) successfully.

2025-05-30 18:16:17,184 INFO [MapperManager] Load Mapper(class com.alibaba.nacos.plugin.datasource.impl.derby.ConfigInfoBetaMapperByDerby) datasource(derby) tableName(config_info_beta) successfully.

2025-05-30 18:16:17,184 INFO [MapperManager] Load Mapper(class com.alibaba.nacos.plugin.datasource.impl.derby.ConfigInfoMapperByDerby) datasource(derby) tableName(config_info) successfully.

2025-05-30 18:16:17,185 INFO [MapperManager] Load Mapper(class com.alibaba.nacos.plugin.datasource.impl.derby.ConfigInfoTagMapperByDerby) datasource(derby) tableName(config_info_tag) successfully.

2025-05-30 18:16:17,186 INFO [MapperManager] Load Mapper(class com.alibaba.nacos.plugin.datasource.impl.derby.ConfigInfoGrayMapperByDerby) datasource(derby) tableName(config_info_gray) successfully.

2025-05-30 18:16:17,186 INFO [MapperManager] Load Mapper(class com.alibaba.nacos.plugin.datasource.impl.derby.ConfigInfoTagsRelationMapperByDerby) datasource(derby) tableName(config_tags_relation) successfully.

2025-05-30 18:16:17,187 INFO [MapperManager] Load Mapper(class com.alibaba.nacos.plugin.datasource.impl.derby.HistoryConfigInfoMapperByDerby) datasource(derby) tableName(his_config_info) successfully.

2025-05-30 18:16:17,187 INFO [MapperManager] Load Mapper(class com.alibaba.nacos.plugin.datasource.impl.derby.TenantInfoMapperByDerby) datasource(derby) tableName(tenant_info) successfully.

2025-05-30 18:16:17,187 INFO [MapperManager] Load Mapper(class com.alibaba.nacos.plugin.datasource.impl.derby.TenantCapacityMapperByDerby) datasource(derby) tableName(tenant_capacity) successfully.

2025-05-30 18:16:17,187 INFO [MapperManager] Load Mapper(class com.alibaba.nacos.plugin.datasource.impl.derby.GroupCapacityMapperByDerby) datasource(derby) tableName(group_capacity) successfully.

2025-05-30 18:16:17,292 INFO ConfigQueryHandlerChain has been initialized successfully with chain: nacos

2025-05-30 18:16:17,609 INFO Get historyConfigCleaner config from env, activeHistoryConfigCleaner{ activeHistoryConfigCleaner=nacos}

2025-05-30 18:16:18,151 INFO Ready to get current node abilities...

2025-05-30 18:16:18,154 INFO Ready to initialize current node abilities, support modes: [CLUSTER_CLIENT, SERVER, SDK_CLIENT]

2025-05-30 18:16:18,155 INFO Initialize current abilities finish...

2025-05-30 18:16:18,156 INFO Ready to get current node abilities...

2025-05-30 18:16:18,157 INFO Ready to initialize current node abilities, support modes: [SDK_CLIENT]

2025-05-30 18:16:18,158 INFO Initialize current abilities finish...

2025-05-30 18:16:18,158 INFO [AbilityControlManager] Successfully initialize AbilityControlManager

2025-05-30 18:16:20,193 INFO Will secure any request with [org.springframework.security.web.session.DisableEncodeUrlFilter@1cec219f, org.springframework.security.web.context.request.async.WebAsyncManagerIntegrationFilter@692e028d, org.springframework.security.web.context.SecurityContextPersistenceFilter@6b3f6585, org.springframework.security.web.header.HeaderWriterFilter@706fe5c6, org.springframework.security.web.csrf.CsrfFilter@55259aa7, org.springframework.security.web.authentication.logout.LogoutFilter@64469d8, org.springframework.security.web.savedrequest.RequestCacheAwareFilter@3e104d4b, org.springframework.security.web.servletapi.SecurityContextHolderAwareRequestFilter@45e1aa48, org.springframework.security.web.authentication.AnonymousAuthenticationFilter@6629ad09, org.springframework.security.web.session.SessionManagementFilter@56380231, org.springframework.security.web.access.ExceptionTranslationFilter@20134094]

2025-05-30 18:16:20,407 INFO Adding welcome page: class path resource [static/index.html]

2025-05-30 18:16:20,924 INFO Exposing 1 endpoint(s) beneath base path '/actuator'

2025-05-30 18:16:20,935 WARN You are asking Spring Security to ignore Ant [pattern='/**']. This is not recommended -- please use permitAll via HttpSecurity#authorizeHttpRequests instead.

2025-05-30 18:16:20,936 INFO Will not secure Ant [pattern='/**']

2025-05-30 18:16:20,938 WARN You are asking Spring Security to ignore Mvc [pattern='/prometheus']. This is not recommended -- please use permitAll via HttpSecurity#authorizeHttpRequests instead.

2025-05-30 18:16:20,938 INFO Will not secure Mvc [pattern='/prometheus']

2025-05-30 18:16:20,939 WARN You are asking Spring Security to ignore Mvc [pattern='/prometheus/namespaceId/{namespaceId}']. This is not recommended -- please use permitAll via HttpSecurity#authorizeHttpRequests instead.

2025-05-30 18:16:20,939 INFO Will not secure Mvc [pattern='/prometheus/namespaceId/{namespaceId}']

2025-05-30 18:16:20,940 WARN You are asking Spring Security to ignore Mvc [pattern='/prometheus/namespaceId/{namespaceId}/service/{service}']. This is not recommended -- please use permitAll via HttpSecurity#authorizeHttpRequests instead.

2025-05-30 18:16:20,941 INFO Will not secure Mvc [pattern='/prometheus/namespaceId/{namespaceId}/service/{service}']

2025-05-30 18:16:21,006 INFO Tomcat started on port(s): 8848 (http) with context path '/nacos'

2025-05-30 18:16:21,021 INFO No TaskScheduler/ScheduledExecutorService bean found for scheduled processing

2025-05-30 18:16:21,164 INFO Started Nacos in 13.155 seconds (JVM running for 14.118)

2025-05-30 18:16:21,165 INFO Nacos started successfully in stand alone mode. use embedded storage

2025-05-30 18:16:24,746 INFO Get ParamCheck config from env, ParamCheckConfig{paramCheckEnabled=trueactiveParamChecker=default}

2025-05-30 18:16:24,756 INFO Get Push config from env, PushConfig{pushTaskDelay=500, pushTaskTimeout=5000, pushTaskRetryDelay=1000}

2025-05-30 18:16:24,759 INFO Get topN config from env, TopNConfig{enabled=true, topNCount=10, internalMs=0}

2025-05-30 18:25:48,605 INFO [capacityManagement] start correct usage

2025-05-30 18:25:48,919 INFO [capacityManagement] end correct usage, cost: 0.3105644s

2025-05-30 18:25:48,934 WARN clearHistoryConfig get scheduled

2025-05-30 18:25:48,935 WARN clearHistoryConfig is enable in current context, try to run cleaner

2025-05-30 18:25:48,935 WARN clearConfigHistory, getBeforeStamp:2025-04-30 18:25:48.0, pageSize:1000

2025-05-30 18:25:49,010 WARN history config cleaner successfully

2025-05-30 18:29:38,111 INFO ConfigQueryRequestExtractor has been initialized successfully with extractor: nacos

2025-05-30 18:35:15,089 INFO [capacityManagement] start correct usage

2025-05-30 18:35:15,180 WARN clearHistoryConfig get scheduled

2025-05-30 18:35:15,181 WARN clearHistoryConfig is enable in current context, try to run cleaner

2025-05-30 18:35:15,182 WARN clearConfigHistory, getBeforeStamp:2025-04-30 18:35:15.0, pageSize:1000

2025-05-30 18:35:15,185 WARN history config cleaner successfully

2025-05-30 18:35:15,198 INFO [capacityManagement] end correct usage, cost: 0.106347351s

2025-05-30 18:44:38,120 WARN clearHistoryConfig get scheduled

2025-05-30 18:44:38,122 WARN clearHistoryConfig is enable in current context, try to run cleaner

2025-05-30 18:44:38,125 WARN clearConfigHistory, getBeforeStamp:2025-04-30 18:44:38.0, pageSize:1000

2025-05-30 18:44:38,128 WARN history config cleaner successfully

2025-05-30 18:44:38,129 INFO [capacityManagement] start correct usage

2025-05-30 18:44:38,244 INFO [capacityManagement] end correct usage, cost: 0.112383483s

2025-05-30 18:54:00,340 WARN clearHistoryConfig get scheduled

2025-05-30 18:54:00,341 WARN clearHistoryConfig is enable in current context, try to run cleaner

2025-05-30 18:54:00,342 WARN clearConfigHistory, getBeforeStamp:2025-04-30 18:54:00.0, pageSize:1000

2025-05-30 18:54:00,344 WARN history config cleaner successfully

2025-05-30 18:54:00,457 INFO [capacityManagement] start correct usage

2025-05-30 18:54:00,565 INFO [capacityManagement] end correct usage, cost: 0.107980805s

2025-05-30 19:03:22,382 WARN clearHistoryConfig get scheduled

2025-05-30 19:03:22,384 WARN clearHistoryConfig is enable in current context, try to run cleaner

2025-05-30 19:03:22,385 WARN clearConfigHistory, getBeforeStamp:2025-04-30 19:03:22.0, pageSize:1000

2025-05-30 19:03:22,388 WARN history config cleaner successfully

2025-05-30 19:03:22,588 INFO [capacityManagement] start correct usage

2025-05-30 19:03:22,704 INFO [capacityManagement] end correct usage, cost: 0.110639987s

2025-05-30 19:03:24,459 INFO [NotifyCenter] Start destroying Publisher

2025-05-30 19:03:24,461 INFO [HttpClientBeanHolder] Start destroying common HttpClient

2025-05-30 19:03:24,460 WARN [WatchFileCenter] start close

2025-05-30 19:03:24,460 INFO [ThreadPoolManager] Start destroying ThreadPool

2025-05-30 19:03:24,466 INFO [NotifyCenter] Completed destruction of Publisher

2025-05-30 19:03:24,470 WARN [WatchFileCenter] start to shutdown this watcher which is watch : /home/nacos/conf

2025-05-30 19:03:24,500 INFO [HttpClientBeanHolder] Completed destruction of HttpClient

2025-05-30 19:03:24,549 WARN [WatchFileCenter] already closed

