2025-05-29 08:33:40,397 INFO Not configure type of control plugin, no limit control for current node.

2025-05-29 08:33:40,411 INFO Load connection metrics collector,size=2,[com.alibaba.nacos.config.server.service.LongPollingConnectionMetricsCollector@662f5666, com.alibaba.nacos.core.remote.LongConnectionMetricsCollector@5974109]

2025-05-29 08:33:40,416 INFO No connection rule content found ,use default empty rule 

2025-05-29 08:33:40,435 INFO No tps control rule of CONFIG_PUSH_COUNT found,content =null  

2025-05-29 08:33:40,436 WARN Tps point for CONFIG_PUSH_COUNT registered, But tps control manager is no limit implementation.

2025-05-29 08:33:40,439 INFO No tps control rule of CONFIG_PUSH_SUCCESS found,content =null  

2025-05-29 08:33:40,439 WARN Tps point for CONFIG_PUSH_SUCCESS registered, But tps control manager is no limit implementation.

2025-05-29 08:33:40,441 INFO No tps control rule of CONFIG_PUSH_FAIL found,content =null  

2025-05-29 08:33:40,442 WARN Tps point for CONFIG_PUSH_FAIL registered, But tps control manager is no limit implementation.

2025-05-29 08:33:43,875 INFO No tps control rule of ConfigQuery found,content =null  

2025-05-29 08:33:43,877 WARN Tps point for ConfigQuery registered, But tps control manager is no limit implementation.

2025-05-29 08:33:43,881 INFO No tps control rule of ClusterConfigChangeNotify found,content =null  

2025-05-29 08:33:43,881 WARN Tps point for ClusterConfigChangeNotify registered, But tps control manager is no limit implementation.

2025-05-29 08:33:43,895 INFO No tps control rule of ConfigListen found,content =null  

2025-05-29 08:33:43,896 WARN Tps point for ConfigListen registered, But tps control manager is no limit implementation.

2025-05-29 08:33:43,901 INFO No tps control rule of ConfigRemove found,content =null  

2025-05-29 08:33:43,901 WARN Tps point for ConfigRemove registered, But tps control manager is no limit implementation.

2025-05-29 08:33:43,905 INFO No tps control rule of ConfigPublish found,content =null  

2025-05-29 08:33:43,906 WARN Tps point for ConfigPublish registered, But tps control manager is no limit implementation.

2025-05-29 08:33:43,910 INFO No tps control rule of HealthCheck found,content =null  

2025-05-29 08:33:43,911 WARN Tps point for HealthCheck registered, But tps control manager is no limit implementation.

2025-05-29 08:33:43,915 INFO No tps control rule of RemoteNamingServiceQuery found,content =null  

2025-05-29 08:33:43,916 WARN Tps point for RemoteNamingServiceQuery registered, But tps control manager is no limit implementation.

2025-05-29 08:33:43,920 INFO No tps control rule of RemoteNamingInstanceBatchRegister found,content =null  

2025-05-29 08:33:43,921 WARN Tps point for RemoteNamingInstanceBatchRegister registered, But tps control manager is no limit implementation.

2025-05-29 08:33:43,925 INFO No tps control rule of RemoteNamingInstanceRegisterDeregister found,content =null  

2025-05-29 08:33:43,925 WARN Tps point for RemoteNamingInstanceRegisterDeregister registered, But tps control manager is no limit implementation.

2025-05-29 08:33:43,930 INFO No tps control rule of RemoteNamingServiceListQuery found,content =null  

2025-05-29 08:33:43,930 WARN Tps point for RemoteNamingServiceListQuery registered, But tps control manager is no limit implementation.

2025-05-29 08:33:43,935 INFO No tps control rule of RemoteNamingServiceSubscribeUnSubscribe found,content =null  

2025-05-29 08:33:43,935 WARN Tps point for RemoteNamingServiceSubscribeUnSubscribe registered, But tps control manager is no limit implementation.

2025-05-29 08:33:43,935 WARN Tps point for RemoteNamingInstanceRegisterDeregister registered, But tps control manager is no limit implementation.

2025-05-29 08:33:43,940 INFO No tps control rule of NamingInstanceMetadataUpdate found,content =null  

2025-05-29 08:33:43,941 WARN Tps point for NamingInstanceMetadataUpdate registered, But tps control manager is no limit implementation.

2025-05-29 08:33:43,946 INFO No tps control rule of NamingServiceQuery found,content =null  

2025-05-29 08:33:43,946 WARN Tps point for NamingServiceQuery registered, But tps control manager is no limit implementation.

2025-05-29 08:33:43,951 INFO No tps control rule of NamingServiceUpdate found,content =null  

2025-05-29 08:33:43,951 WARN Tps point for NamingServiceUpdate registered, But tps control manager is no limit implementation.

2025-05-29 08:33:43,951 WARN Tps point for NamingServiceUpdate registered, But tps control manager is no limit implementation.

2025-05-29 08:33:43,958 INFO No tps control rule of NamingServiceSubscribe found,content =null  

2025-05-29 08:33:43,958 WARN Tps point for NamingServiceSubscribe registered, But tps control manager is no limit implementation.

2025-05-29 08:33:43,963 INFO No tps control rule of NamingInstanceRegister found,content =null  

2025-05-29 08:33:43,963 WARN Tps point for NamingInstanceRegister registered, But tps control manager is no limit implementation.

2025-05-29 08:33:43,968 INFO No tps control rule of NamingInstanceDeregister found,content =null  

2025-05-29 08:33:43,969 WARN Tps point for NamingInstanceDeregister registered, But tps control manager is no limit implementation.

2025-05-29 08:33:43,969 WARN Tps point for ConfigPublish registered, But tps control manager is no limit implementation.

2025-05-29 08:33:43,973 INFO No tps control rule of NamingServiceDeregister found,content =null  

2025-05-29 08:33:43,973 WARN Tps point for NamingServiceDeregister registered, But tps control manager is no limit implementation.

2025-05-29 08:33:43,978 INFO No tps control rule of NamingServiceRegister found,content =null  

2025-05-29 08:33:43,978 WARN Tps point for NamingServiceRegister registered, But tps control manager is no limit implementation.

2025-05-29 08:33:43,979 WARN Tps point for NamingInstanceRegister registered, But tps control manager is no limit implementation.

2025-05-29 08:33:43,979 WARN Tps point for NamingServiceQuery registered, But tps control manager is no limit implementation.

2025-05-29 08:33:43,980 WARN Tps point for NamingInstanceDeregister registered, But tps control manager is no limit implementation.

2025-05-29 08:33:43,980 WARN Tps point for NamingServiceSubscribe registered, But tps control manager is no limit implementation.

2025-05-29 08:33:43,985 INFO No tps control rule of NamingInstanceUpdate found,content =null  

2025-05-29 08:33:43,986 WARN Tps point for NamingInstanceUpdate registered, But tps control manager is no limit implementation.

2025-05-29 08:33:43,988 WARN Tps point for NamingInstanceMetadataUpdate registered, But tps control manager is no limit implementation.

2025-05-29 08:33:43,989 WARN Tps point for ConfigQuery registered, But tps control manager is no limit implementation.

2025-05-29 08:33:43,993 INFO No tps control rule of NamingServiceListQuery found,content =null  

2025-05-29 08:33:43,994 WARN Tps point for NamingServiceListQuery registered, But tps control manager is no limit implementation.

2025-05-29 08:33:44,005 INFO No tps control rule of NamingInstanceQuery found,content =null  

2025-05-29 08:33:44,007 WARN Tps point for NamingInstanceQuery registered, But tps control manager is no limit implementation.

2025-05-29 08:33:44,009 WARN Tps point for NamingInstanceUpdate registered, But tps control manager is no limit implementation.

2025-05-29 08:33:44,012 WARN Tps point for NamingInstanceMetadataUpdate registered, But tps control manager is no limit implementation.

2025-05-29 08:33:44,014 WARN Tps point for NamingServiceDeregister registered, But tps control manager is no limit implementation.

2025-05-29 08:33:44,020 INFO No tps control rule of HttpHealthCheck found,content =null  

2025-05-29 08:33:44,020 WARN Tps point for HttpHealthCheck registered, But tps control manager is no limit implementation.

2025-05-29 08:33:44,021 WARN Tps point for HttpHealthCheck registered, But tps control manager is no limit implementation.

2025-05-29 08:33:44,022 WARN Tps point for NamingInstanceMetadataUpdate registered, But tps control manager is no limit implementation.

2025-05-29 08:33:44,022 WARN Tps point for NamingServiceListQuery registered, But tps control manager is no limit implementation.

2025-05-29 08:33:44,023 WARN Tps point for NamingServiceRegister registered, But tps control manager is no limit implementation.

2025-05-29 08:33:44,023 WARN Tps point for NamingInstanceQuery registered, But tps control manager is no limit implementation.

2025-05-29 09:04:53,810 INFO Not configure type of control plugin, no limit control for current node.

2025-05-29 09:04:53,813 INFO Load connection metrics collector,size=2,[com.alibaba.nacos.config.server.service.LongPollingConnectionMetricsCollector@41382722, com.alibaba.nacos.core.remote.LongConnectionMetricsCollector@425357dd]

2025-05-29 09:04:53,817 INFO No connection rule content found ,use default empty rule 

2025-05-29 09:04:53,830 INFO No tps control rule of CONFIG_PUSH_COUNT found,content =null  

2025-05-29 09:04:53,831 WARN Tps point for CONFIG_PUSH_COUNT registered, But tps control manager is no limit implementation.

2025-05-29 09:04:53,835 INFO No tps control rule of CONFIG_PUSH_SUCCESS found,content =null  

2025-05-29 09:04:53,835 WARN Tps point for CONFIG_PUSH_SUCCESS registered, But tps control manager is no limit implementation.

2025-05-29 09:04:53,841 INFO No tps control rule of CONFIG_PUSH_FAIL found,content =null  

2025-05-29 09:04:53,842 WARN Tps point for CONFIG_PUSH_FAIL registered, But tps control manager is no limit implementation.

2025-05-29 09:04:57,488 INFO No tps control rule of ConfigQuery found,content =null  

2025-05-29 09:04:57,489 WARN Tps point for ConfigQuery registered, But tps control manager is no limit implementation.

2025-05-29 09:04:57,494 INFO No tps control rule of ClusterConfigChangeNotify found,content =null  

2025-05-29 09:04:57,495 WARN Tps point for ClusterConfigChangeNotify registered, But tps control manager is no limit implementation.

2025-05-29 09:04:57,515 INFO No tps control rule of ConfigListen found,content =null  

2025-05-29 09:04:57,516 WARN Tps point for ConfigListen registered, But tps control manager is no limit implementation.

2025-05-29 09:04:57,519 INFO No tps control rule of ConfigRemove found,content =null  

2025-05-29 09:04:57,520 WARN Tps point for ConfigRemove registered, But tps control manager is no limit implementation.

2025-05-29 09:04:57,522 INFO No tps control rule of ConfigPublish found,content =null  

2025-05-29 09:04:57,523 WARN Tps point for ConfigPublish registered, But tps control manager is no limit implementation.

2025-05-29 09:04:57,525 INFO No tps control rule of HealthCheck found,content =null  

2025-05-29 09:04:57,525 WARN Tps point for HealthCheck registered, But tps control manager is no limit implementation.

2025-05-29 09:04:57,528 INFO No tps control rule of RemoteNamingServiceQuery found,content =null  

2025-05-29 09:04:57,529 WARN Tps point for RemoteNamingServiceQuery registered, But tps control manager is no limit implementation.

2025-05-29 09:04:57,532 INFO No tps control rule of RemoteNamingInstanceBatchRegister found,content =null  

2025-05-29 09:04:57,533 WARN Tps point for RemoteNamingInstanceBatchRegister registered, But tps control manager is no limit implementation.

2025-05-29 09:04:57,536 INFO No tps control rule of RemoteNamingInstanceRegisterDeregister found,content =null  

2025-05-29 09:04:57,536 WARN Tps point for RemoteNamingInstanceRegisterDeregister registered, But tps control manager is no limit implementation.

2025-05-29 09:04:57,539 INFO No tps control rule of RemoteNamingServiceListQuery found,content =null  

2025-05-29 09:04:57,539 WARN Tps point for RemoteNamingServiceListQuery registered, But tps control manager is no limit implementation.

2025-05-29 09:04:57,542 INFO No tps control rule of RemoteNamingServiceSubscribeUnSubscribe found,content =null  

2025-05-29 09:04:57,543 WARN Tps point for RemoteNamingServiceSubscribeUnSubscribe registered, But tps control manager is no limit implementation.

2025-05-29 09:04:57,543 WARN Tps point for RemoteNamingInstanceRegisterDeregister registered, But tps control manager is no limit implementation.

2025-05-29 09:04:57,546 INFO No tps control rule of NamingServiceQuery found,content =null  

2025-05-29 09:04:57,547 WARN Tps point for NamingServiceQuery registered, But tps control manager is no limit implementation.

2025-05-29 09:04:57,549 INFO No tps control rule of NamingServiceSubscribe found,content =null  

2025-05-29 09:04:57,549 WARN Tps point for NamingServiceSubscribe registered, But tps control manager is no limit implementation.

2025-05-29 09:04:57,549 WARN Tps point for NamingServiceQuery registered, But tps control manager is no limit implementation.

2025-05-29 09:04:57,553 INFO No tps control rule of NamingInstanceDeregister found,content =null  

2025-05-29 09:04:57,553 WARN Tps point for NamingInstanceDeregister registered, But tps control manager is no limit implementation.

2025-05-29 09:04:57,556 INFO No tps control rule of NamingServiceUpdate found,content =null  

2025-05-29 09:04:57,556 WARN Tps point for NamingServiceUpdate registered, But tps control manager is no limit implementation.

2025-05-29 09:04:57,559 INFO No tps control rule of HttpHealthCheck found,content =null  

2025-05-29 09:04:57,559 WARN Tps point for HttpHealthCheck registered, But tps control manager is no limit implementation.

2025-05-29 09:04:57,562 INFO No tps control rule of NamingInstanceMetadataUpdate found,content =null  

2025-05-29 09:04:57,562 WARN Tps point for NamingInstanceMetadataUpdate registered, But tps control manager is no limit implementation.

2025-05-29 09:04:57,563 WARN Tps point for NamingInstanceMetadataUpdate registered, But tps control manager is no limit implementation.

2025-05-29 09:04:57,566 INFO No tps control rule of NamingServiceListQuery found,content =null  

2025-05-29 09:04:57,566 WARN Tps point for NamingServiceListQuery registered, But tps control manager is no limit implementation.

2025-05-29 09:04:57,569 INFO No tps control rule of NamingInstanceRegister found,content =null  

2025-05-29 09:04:57,569 WARN Tps point for NamingInstanceRegister registered, But tps control manager is no limit implementation.

2025-05-29 09:04:57,570 WARN Tps point for NamingInstanceDeregister registered, But tps control manager is no limit implementation.

2025-05-29 09:04:57,577 INFO No tps control rule of NamingServiceRegister found,content =null  

2025-05-29 09:04:57,578 WARN Tps point for NamingServiceRegister registered, But tps control manager is no limit implementation.

2025-05-29 09:04:57,578 WARN Tps point for NamingServiceUpdate registered, But tps control manager is no limit implementation.

2025-05-29 09:04:57,581 INFO No tps control rule of NamingInstanceQuery found,content =null  

2025-05-29 09:04:57,582 WARN Tps point for NamingInstanceQuery registered, But tps control manager is no limit implementation.

2025-05-29 09:04:57,582 WARN Tps point for NamingServiceSubscribe registered, But tps control manager is no limit implementation.

2025-05-29 09:04:57,582 WARN Tps point for HttpHealthCheck registered, But tps control manager is no limit implementation.

2025-05-29 09:04:57,583 WARN Tps point for NamingInstanceMetadataUpdate registered, But tps control manager is no limit implementation.

2025-05-29 09:04:57,586 INFO No tps control rule of NamingInstanceUpdate found,content =null  

2025-05-29 09:04:57,586 WARN Tps point for NamingInstanceUpdate registered, But tps control manager is no limit implementation.

2025-05-29 09:04:57,586 WARN Tps point for NamingServiceRegister registered, But tps control manager is no limit implementation.

2025-05-29 09:04:57,587 WARN Tps point for NamingInstanceUpdate registered, But tps control manager is no limit implementation.

2025-05-29 09:04:57,587 WARN Tps point for NamingServiceListQuery registered, But tps control manager is no limit implementation.

2025-05-29 09:04:57,588 WARN Tps point for ConfigQuery registered, But tps control manager is no limit implementation.

2025-05-29 09:04:57,591 INFO No tps control rule of NamingServiceDeregister found,content =null  

2025-05-29 09:04:57,591 WARN Tps point for NamingServiceDeregister registered, But tps control manager is no limit implementation.

2025-05-29 09:04:57,591 WARN Tps point for NamingInstanceMetadataUpdate registered, But tps control manager is no limit implementation.

2025-05-29 09:04:57,591 WARN Tps point for NamingInstanceQuery registered, But tps control manager is no limit implementation.

2025-05-29 09:04:57,592 WARN Tps point for NamingInstanceRegister registered, But tps control manager is no limit implementation.

2025-05-29 09:04:57,592 WARN Tps point for ConfigPublish registered, But tps control manager is no limit implementation.

2025-05-29 09:04:57,592 WARN Tps point for NamingServiceDeregister registered, But tps control manager is no limit implementation.

2025-05-29 09:26:59,280 INFO Not configure type of control plugin, no limit control for current node.

2025-05-29 09:26:59,284 INFO Load connection metrics collector,size=2,[com.alibaba.nacos.config.server.service.LongPollingConnectionMetricsCollector@6a1ebcff, com.alibaba.nacos.core.remote.LongConnectionMetricsCollector@50b0bc4c]

2025-05-29 09:26:59,287 INFO No connection rule content found ,use default empty rule 

2025-05-29 09:26:59,301 INFO No tps control rule of CONFIG_PUSH_COUNT found,content =null  

2025-05-29 09:26:59,302 WARN Tps point for CONFIG_PUSH_COUNT registered, But tps control manager is no limit implementation.

2025-05-29 09:26:59,304 INFO No tps control rule of CONFIG_PUSH_SUCCESS found,content =null  

2025-05-29 09:26:59,304 WARN Tps point for CONFIG_PUSH_SUCCESS registered, But tps control manager is no limit implementation.

2025-05-29 09:26:59,306 INFO No tps control rule of CONFIG_PUSH_FAIL found,content =null  

2025-05-29 09:26:59,307 WARN Tps point for CONFIG_PUSH_FAIL registered, But tps control manager is no limit implementation.

2025-05-29 09:27:03,088 INFO No tps control rule of ConfigQuery found,content =null  

2025-05-29 09:27:03,089 WARN Tps point for ConfigQuery registered, But tps control manager is no limit implementation.

2025-05-29 09:27:03,093 INFO No tps control rule of ClusterConfigChangeNotify found,content =null  

2025-05-29 09:27:03,094 WARN Tps point for ClusterConfigChangeNotify registered, But tps control manager is no limit implementation.

2025-05-29 09:27:03,110 INFO No tps control rule of ConfigListen found,content =null  

2025-05-29 09:27:03,110 WARN Tps point for ConfigListen registered, But tps control manager is no limit implementation.

2025-05-29 09:27:03,113 INFO No tps control rule of ConfigRemove found,content =null  

2025-05-29 09:27:03,114 WARN Tps point for ConfigRemove registered, But tps control manager is no limit implementation.

2025-05-29 09:27:03,117 INFO No tps control rule of ConfigPublish found,content =null  

2025-05-29 09:27:03,117 WARN Tps point for ConfigPublish registered, But tps control manager is no limit implementation.

2025-05-29 09:27:03,121 INFO No tps control rule of HealthCheck found,content =null  

2025-05-29 09:27:03,121 WARN Tps point for HealthCheck registered, But tps control manager is no limit implementation.

2025-05-29 09:27:03,125 INFO No tps control rule of RemoteNamingServiceQuery found,content =null  

2025-05-29 09:27:03,125 WARN Tps point for RemoteNamingServiceQuery registered, But tps control manager is no limit implementation.

2025-05-29 09:27:03,129 INFO No tps control rule of RemoteNamingInstanceBatchRegister found,content =null  

2025-05-29 09:27:03,129 WARN Tps point for RemoteNamingInstanceBatchRegister registered, But tps control manager is no limit implementation.

2025-05-29 09:27:03,132 INFO No tps control rule of RemoteNamingInstanceRegisterDeregister found,content =null  

2025-05-29 09:27:03,132 WARN Tps point for RemoteNamingInstanceRegisterDeregister registered, But tps control manager is no limit implementation.

2025-05-29 09:27:03,135 INFO No tps control rule of RemoteNamingServiceListQuery found,content =null  

2025-05-29 09:27:03,135 WARN Tps point for RemoteNamingServiceListQuery registered, But tps control manager is no limit implementation.

2025-05-29 09:27:03,139 INFO No tps control rule of RemoteNamingServiceSubscribeUnSubscribe found,content =null  

2025-05-29 09:27:03,139 WARN Tps point for RemoteNamingServiceSubscribeUnSubscribe registered, But tps control manager is no limit implementation.

2025-05-29 09:27:03,139 WARN Tps point for RemoteNamingInstanceRegisterDeregister registered, But tps control manager is no limit implementation.

2025-05-29 09:27:03,144 INFO No tps control rule of NamingInstanceDeregister found,content =null  

2025-05-29 09:27:03,144 WARN Tps point for NamingInstanceDeregister registered, But tps control manager is no limit implementation.

2025-05-29 09:27:03,148 INFO No tps control rule of NamingInstanceMetadataUpdate found,content =null  

2025-05-29 09:27:03,148 WARN Tps point for NamingInstanceMetadataUpdate registered, But tps control manager is no limit implementation.

2025-05-29 09:27:03,149 WARN Tps point for NamingInstanceMetadataUpdate registered, But tps control manager is no limit implementation.

2025-05-29 09:27:03,152 INFO No tps control rule of NamingServiceRegister found,content =null  

2025-05-29 09:27:03,153 WARN Tps point for NamingServiceRegister registered, But tps control manager is no limit implementation.

2025-05-29 09:27:03,155 INFO No tps control rule of NamingServiceListQuery found,content =null  

2025-05-29 09:27:03,156 WARN Tps point for NamingServiceListQuery registered, But tps control manager is no limit implementation.

2025-05-29 09:27:03,159 INFO No tps control rule of NamingInstanceQuery found,content =null  

2025-05-29 09:27:03,160 WARN Tps point for NamingInstanceQuery registered, But tps control manager is no limit implementation.

2025-05-29 09:27:03,160 WARN Tps point for NamingServiceListQuery registered, But tps control manager is no limit implementation.

2025-05-29 09:27:03,165 INFO No tps control rule of NamingServiceUpdate found,content =null  

2025-05-29 09:27:03,166 WARN Tps point for NamingServiceUpdate registered, But tps control manager is no limit implementation.

2025-05-29 09:27:03,169 INFO No tps control rule of NamingServiceSubscribe found,content =null  

2025-05-29 09:27:03,169 WARN Tps point for NamingServiceSubscribe registered, But tps control manager is no limit implementation.

2025-05-29 09:27:03,170 WARN Tps point for NamingServiceSubscribe registered, But tps control manager is no limit implementation.

2025-05-29 09:27:03,170 WARN Tps point for NamingInstanceQuery registered, But tps control manager is no limit implementation.

2025-05-29 09:27:03,174 INFO No tps control rule of NamingInstanceRegister found,content =null  

2025-05-29 09:27:03,175 WARN Tps point for NamingInstanceRegister registered, But tps control manager is no limit implementation.

2025-05-29 09:27:03,178 INFO No tps control rule of NamingServiceQuery found,content =null  

2025-05-29 09:27:03,179 WARN Tps point for NamingServiceQuery registered, But tps control manager is no limit implementation.

2025-05-29 09:27:03,179 WARN Tps point for ConfigPublish registered, But tps control manager is no limit implementation.

2025-05-29 09:27:03,180 WARN Tps point for NamingInstanceMetadataUpdate registered, But tps control manager is no limit implementation.

2025-05-29 09:27:03,182 INFO No tps control rule of NamingServiceDeregister found,content =null  

2025-05-29 09:27:03,183 WARN Tps point for NamingServiceDeregister registered, But tps control manager is no limit implementation.

2025-05-29 09:27:03,183 WARN Tps point for NamingServiceDeregister registered, But tps control manager is no limit implementation.

2025-05-29 09:27:03,187 INFO No tps control rule of NamingInstanceUpdate found,content =null  

2025-05-29 09:27:03,187 WARN Tps point for NamingInstanceUpdate registered, But tps control manager is no limit implementation.

2025-05-29 09:27:03,191 INFO No tps control rule of HttpHealthCheck found,content =null  

2025-05-29 09:27:03,192 WARN Tps point for HttpHealthCheck registered, But tps control manager is no limit implementation.

2025-05-29 09:27:03,192 WARN Tps point for NamingInstanceRegister registered, But tps control manager is no limit implementation.

2025-05-29 09:27:03,194 WARN Tps point for NamingInstanceUpdate registered, But tps control manager is no limit implementation.

2025-05-29 09:27:03,195 WARN Tps point for NamingServiceRegister registered, But tps control manager is no limit implementation.

2025-05-29 09:27:03,195 WARN Tps point for NamingServiceQuery registered, But tps control manager is no limit implementation.

2025-05-29 09:27:03,195 WARN Tps point for NamingInstanceDeregister registered, But tps control manager is no limit implementation.

2025-05-29 09:27:03,196 WARN Tps point for ConfigQuery registered, But tps control manager is no limit implementation.

2025-05-29 09:27:03,196 WARN Tps point for NamingServiceUpdate registered, But tps control manager is no limit implementation.

2025-05-29 09:27:03,196 WARN Tps point for HttpHealthCheck registered, But tps control manager is no limit implementation.

2025-05-29 09:27:03,197 WARN Tps point for NamingInstanceMetadataUpdate registered, But tps control manager is no limit implementation.

2025-05-29 09:32:12,657 INFO Not configure type of control plugin, no limit control for current node.

2025-05-29 09:32:12,684 INFO Load connection metrics collector,size=2,[com.alibaba.nacos.config.server.service.LongPollingConnectionMetricsCollector@2756c0a7, com.alibaba.nacos.core.remote.LongConnectionMetricsCollector@69637b10]

2025-05-29 09:32:12,689 INFO No connection rule content found ,use default empty rule 

2025-05-29 09:32:12,701 INFO No tps control rule of CONFIG_PUSH_COUNT found,content =null  

2025-05-29 09:32:12,701 WARN Tps point for CONFIG_PUSH_COUNT registered, But tps control manager is no limit implementation.

2025-05-29 09:32:12,704 INFO No tps control rule of CONFIG_PUSH_SUCCESS found,content =null  

2025-05-29 09:32:12,704 WARN Tps point for CONFIG_PUSH_SUCCESS registered, But tps control manager is no limit implementation.

2025-05-29 09:32:12,706 INFO No tps control rule of CONFIG_PUSH_FAIL found,content =null  

2025-05-29 09:32:12,707 WARN Tps point for CONFIG_PUSH_FAIL registered, But tps control manager is no limit implementation.

2025-05-29 09:32:16,571 INFO No tps control rule of ConfigQuery found,content =null  

2025-05-29 09:32:16,571 WARN Tps point for ConfigQuery registered, But tps control manager is no limit implementation.

2025-05-29 09:32:16,575 INFO No tps control rule of ClusterConfigChangeNotify found,content =null  

2025-05-29 09:32:16,576 WARN Tps point for ClusterConfigChangeNotify registered, But tps control manager is no limit implementation.

2025-05-29 09:32:16,592 INFO No tps control rule of ConfigListen found,content =null  

2025-05-29 09:32:16,593 WARN Tps point for ConfigListen registered, But tps control manager is no limit implementation.

2025-05-29 09:32:16,596 INFO No tps control rule of ConfigRemove found,content =null  

2025-05-29 09:32:16,597 WARN Tps point for ConfigRemove registered, But tps control manager is no limit implementation.

2025-05-29 09:32:16,601 INFO No tps control rule of ConfigPublish found,content =null  

2025-05-29 09:32:16,601 WARN Tps point for ConfigPublish registered, But tps control manager is no limit implementation.

2025-05-29 09:32:16,605 INFO No tps control rule of HealthCheck found,content =null  

2025-05-29 09:32:16,605 WARN Tps point for HealthCheck registered, But tps control manager is no limit implementation.

2025-05-29 09:32:16,608 INFO No tps control rule of RemoteNamingServiceQuery found,content =null  

2025-05-29 09:32:16,608 WARN Tps point for RemoteNamingServiceQuery registered, But tps control manager is no limit implementation.

2025-05-29 09:32:16,612 INFO No tps control rule of RemoteNamingInstanceBatchRegister found,content =null  

2025-05-29 09:32:16,612 WARN Tps point for RemoteNamingInstanceBatchRegister registered, But tps control manager is no limit implementation.

2025-05-29 09:32:16,615 INFO No tps control rule of RemoteNamingInstanceRegisterDeregister found,content =null  

2025-05-29 09:32:16,616 WARN Tps point for RemoteNamingInstanceRegisterDeregister registered, But tps control manager is no limit implementation.

2025-05-29 09:32:16,619 INFO No tps control rule of RemoteNamingServiceListQuery found,content =null  

2025-05-29 09:32:16,619 WARN Tps point for RemoteNamingServiceListQuery registered, But tps control manager is no limit implementation.

2025-05-29 09:32:16,623 INFO No tps control rule of RemoteNamingServiceSubscribeUnSubscribe found,content =null  

2025-05-29 09:32:16,624 WARN Tps point for RemoteNamingServiceSubscribeUnSubscribe registered, But tps control manager is no limit implementation.

2025-05-29 09:32:16,624 WARN Tps point for RemoteNamingInstanceRegisterDeregister registered, But tps control manager is no limit implementation.

2025-05-29 09:32:16,628 INFO No tps control rule of NamingInstanceDeregister found,content =null  

2025-05-29 09:32:16,629 WARN Tps point for NamingInstanceDeregister registered, But tps control manager is no limit implementation.

2025-05-29 09:32:16,632 INFO No tps control rule of NamingInstanceMetadataUpdate found,content =null  

2025-05-29 09:32:16,632 WARN Tps point for NamingInstanceMetadataUpdate registered, But tps control manager is no limit implementation.

2025-05-29 09:32:16,635 INFO No tps control rule of NamingServiceQuery found,content =null  

2025-05-29 09:32:16,636 WARN Tps point for NamingServiceQuery registered, But tps control manager is no limit implementation.

2025-05-29 09:32:16,639 INFO No tps control rule of HttpHealthCheck found,content =null  

2025-05-29 09:32:16,640 WARN Tps point for HttpHealthCheck registered, But tps control manager is no limit implementation.

2025-05-29 09:32:16,645 INFO No tps control rule of NamingServiceDeregister found,content =null  

2025-05-29 09:32:16,645 WARN Tps point for NamingServiceDeregister registered, But tps control manager is no limit implementation.

2025-05-29 09:32:16,648 INFO No tps control rule of NamingServiceUpdate found,content =null  

2025-05-29 09:32:16,649 WARN Tps point for NamingServiceUpdate registered, But tps control manager is no limit implementation.

2025-05-29 09:32:16,652 INFO No tps control rule of NamingInstanceQuery found,content =null  

2025-05-29 09:32:16,652 WARN Tps point for NamingInstanceQuery registered, But tps control manager is no limit implementation.

2025-05-29 09:32:16,656 INFO No tps control rule of NamingServiceSubscribe found,content =null  

2025-05-29 09:32:16,656 WARN Tps point for NamingServiceSubscribe registered, But tps control manager is no limit implementation.

2025-05-29 09:32:16,656 WARN Tps point for NamingServiceSubscribe registered, But tps control manager is no limit implementation.

2025-05-29 09:32:16,660 INFO No tps control rule of NamingInstanceUpdate found,content =null  

2025-05-29 09:32:16,660 WARN Tps point for NamingInstanceUpdate registered, But tps control manager is no limit implementation.

2025-05-29 09:32:16,661 WARN Tps point for NamingServiceQuery registered, But tps control manager is no limit implementation.

2025-05-29 09:32:16,661 WARN Tps point for NamingInstanceMetadataUpdate registered, But tps control manager is no limit implementation.

2025-05-29 09:32:16,662 WARN Tps point for ConfigPublish registered, But tps control manager is no limit implementation.

2025-05-29 09:32:16,665 INFO No tps control rule of NamingInstanceRegister found,content =null  

2025-05-29 09:32:16,665 WARN Tps point for NamingInstanceRegister registered, But tps control manager is no limit implementation.

2025-05-29 09:32:16,665 WARN Tps point for NamingInstanceUpdate registered, But tps control manager is no limit implementation.

2025-05-29 09:32:16,668 INFO No tps control rule of NamingServiceListQuery found,content =null  

2025-05-29 09:32:16,668 WARN Tps point for NamingServiceListQuery registered, But tps control manager is no limit implementation.

2025-05-29 09:32:16,668 WARN Tps point for HttpHealthCheck registered, But tps control manager is no limit implementation.

2025-05-29 09:32:16,668 WARN Tps point for NamingInstanceMetadataUpdate registered, But tps control manager is no limit implementation.

2025-05-29 09:32:16,669 WARN Tps point for NamingInstanceRegister registered, But tps control manager is no limit implementation.

2025-05-29 09:32:16,671 INFO No tps control rule of NamingServiceRegister found,content =null  

2025-05-29 09:32:16,671 WARN Tps point for NamingServiceRegister registered, But tps control manager is no limit implementation.

2025-05-29 09:32:16,672 WARN Tps point for NamingServiceRegister registered, But tps control manager is no limit implementation.

2025-05-29 09:32:16,672 WARN Tps point for NamingInstanceDeregister registered, But tps control manager is no limit implementation.

2025-05-29 09:32:16,672 WARN Tps point for ConfigQuery registered, But tps control manager is no limit implementation.

2025-05-29 09:32:16,673 WARN Tps point for NamingInstanceMetadataUpdate registered, But tps control manager is no limit implementation.

2025-05-29 09:32:16,673 WARN Tps point for NamingServiceListQuery registered, But tps control manager is no limit implementation.

2025-05-29 09:32:16,673 WARN Tps point for NamingServiceDeregister registered, But tps control manager is no limit implementation.

2025-05-29 09:32:16,673 WARN Tps point for NamingInstanceQuery registered, But tps control manager is no limit implementation.

2025-05-29 09:32:16,674 WARN Tps point for NamingServiceUpdate registered, But tps control manager is no limit implementation.

2025-05-29 09:35:53,899 INFO Not configure type of control plugin, no limit control for current node.

2025-05-29 09:35:53,904 INFO Load connection metrics collector,size=2,[com.alibaba.nacos.config.server.service.LongPollingConnectionMetricsCollector@107ed6fc, com.alibaba.nacos.core.remote.LongConnectionMetricsCollector@186978a6]

2025-05-29 09:35:53,908 INFO No connection rule content found ,use default empty rule 

2025-05-29 09:35:53,924 INFO No tps control rule of CONFIG_PUSH_COUNT found,content =null  

2025-05-29 09:35:53,925 WARN Tps point for CONFIG_PUSH_COUNT registered, But tps control manager is no limit implementation.

2025-05-29 09:35:53,929 INFO No tps control rule of CONFIG_PUSH_SUCCESS found,content =null  

2025-05-29 09:35:53,930 WARN Tps point for CONFIG_PUSH_SUCCESS registered, But tps control manager is no limit implementation.

2025-05-29 09:35:53,934 INFO No tps control rule of CONFIG_PUSH_FAIL found,content =null  

2025-05-29 09:35:53,935 WARN Tps point for CONFIG_PUSH_FAIL registered, But tps control manager is no limit implementation.

2025-05-29 09:35:57,815 INFO No tps control rule of ConfigQuery found,content =null  

2025-05-29 09:35:57,816 WARN Tps point for ConfigQuery registered, But tps control manager is no limit implementation.

2025-05-29 09:35:57,818 INFO No tps control rule of ClusterConfigChangeNotify found,content =null  

2025-05-29 09:35:57,819 WARN Tps point for ClusterConfigChangeNotify registered, But tps control manager is no limit implementation.

2025-05-29 09:35:57,835 INFO No tps control rule of ConfigListen found,content =null  

2025-05-29 09:35:57,836 WARN Tps point for ConfigListen registered, But tps control manager is no limit implementation.

2025-05-29 09:35:57,841 INFO No tps control rule of ConfigRemove found,content =null  

2025-05-29 09:35:57,844 WARN Tps point for ConfigRemove registered, But tps control manager is no limit implementation.

2025-05-29 09:35:57,847 INFO No tps control rule of ConfigPublish found,content =null  

2025-05-29 09:35:57,847 WARN Tps point for ConfigPublish registered, But tps control manager is no limit implementation.

2025-05-29 09:35:57,851 INFO No tps control rule of HealthCheck found,content =null  

2025-05-29 09:35:57,851 WARN Tps point for HealthCheck registered, But tps control manager is no limit implementation.

2025-05-29 09:35:57,855 INFO No tps control rule of RemoteNamingServiceQuery found,content =null  

2025-05-29 09:35:57,855 WARN Tps point for RemoteNamingServiceQuery registered, But tps control manager is no limit implementation.

2025-05-29 09:35:57,860 INFO No tps control rule of RemoteNamingInstanceBatchRegister found,content =null  

2025-05-29 09:35:57,861 WARN Tps point for RemoteNamingInstanceBatchRegister registered, But tps control manager is no limit implementation.

2025-05-29 09:35:57,863 INFO No tps control rule of RemoteNamingInstanceRegisterDeregister found,content =null  

2025-05-29 09:35:57,864 WARN Tps point for RemoteNamingInstanceRegisterDeregister registered, But tps control manager is no limit implementation.

2025-05-29 09:35:57,867 INFO No tps control rule of RemoteNamingServiceListQuery found,content =null  

2025-05-29 09:35:57,867 WARN Tps point for RemoteNamingServiceListQuery registered, But tps control manager is no limit implementation.

2025-05-29 09:35:57,871 INFO No tps control rule of RemoteNamingServiceSubscribeUnSubscribe found,content =null  

2025-05-29 09:35:57,871 WARN Tps point for RemoteNamingServiceSubscribeUnSubscribe registered, But tps control manager is no limit implementation.

2025-05-29 09:35:57,871 WARN Tps point for RemoteNamingInstanceRegisterDeregister registered, But tps control manager is no limit implementation.

2025-05-29 09:35:57,876 INFO No tps control rule of NamingServiceQuery found,content =null  

2025-05-29 09:35:57,876 WARN Tps point for NamingServiceQuery registered, But tps control manager is no limit implementation.

2025-05-29 09:35:57,878 INFO No tps control rule of HttpHealthCheck found,content =null  

2025-05-29 09:35:57,879 WARN Tps point for HttpHealthCheck registered, But tps control manager is no limit implementation.

2025-05-29 09:35:57,881 INFO No tps control rule of NamingServiceUpdate found,content =null  

2025-05-29 09:35:57,882 WARN Tps point for NamingServiceUpdate registered, But tps control manager is no limit implementation.

2025-05-29 09:35:57,884 INFO No tps control rule of NamingServiceRegister found,content =null  

2025-05-29 09:35:57,884 WARN Tps point for NamingServiceRegister registered, But tps control manager is no limit implementation.

2025-05-29 09:35:57,886 INFO No tps control rule of NamingServiceSubscribe found,content =null  

2025-05-29 09:35:57,887 WARN Tps point for NamingServiceSubscribe registered, But tps control manager is no limit implementation.

2025-05-29 09:35:57,887 WARN Tps point for NamingServiceUpdate registered, But tps control manager is no limit implementation.

2025-05-29 09:35:57,887 WARN Tps point for NamingServiceQuery registered, But tps control manager is no limit implementation.

2025-05-29 09:35:57,890 INFO No tps control rule of NamingServiceListQuery found,content =null  

2025-05-29 09:35:57,890 WARN Tps point for NamingServiceListQuery registered, But tps control manager is no limit implementation.

2025-05-29 09:35:57,892 INFO No tps control rule of NamingInstanceMetadataUpdate found,content =null  

2025-05-29 09:35:57,893 WARN Tps point for NamingInstanceMetadataUpdate registered, But tps control manager is no limit implementation.

2025-05-29 09:35:57,893 WARN Tps point for NamingServiceRegister registered, But tps control manager is no limit implementation.

2025-05-29 09:35:57,895 INFO No tps control rule of NamingInstanceDeregister found,content =null  

2025-05-29 09:35:57,895 WARN Tps point for NamingInstanceDeregister registered, But tps control manager is no limit implementation.

2025-05-29 09:35:57,898 INFO No tps control rule of NamingInstanceUpdate found,content =null  

2025-05-29 09:35:57,899 WARN Tps point for NamingInstanceUpdate registered, But tps control manager is no limit implementation.

2025-05-29 09:35:57,899 WARN Tps point for NamingInstanceMetadataUpdate registered, But tps control manager is no limit implementation.

2025-05-29 09:35:57,902 INFO No tps control rule of NamingInstanceRegister found,content =null  

2025-05-29 09:35:57,902 WARN Tps point for NamingInstanceRegister registered, But tps control manager is no limit implementation.

2025-05-29 09:35:57,902 WARN Tps point for NamingServiceSubscribe registered, But tps control manager is no limit implementation.

2025-05-29 09:35:57,904 INFO No tps control rule of NamingInstanceQuery found,content =null  

2025-05-29 09:35:57,905 WARN Tps point for NamingInstanceQuery registered, But tps control manager is no limit implementation.

2025-05-29 09:35:57,905 WARN Tps point for HttpHealthCheck registered, But tps control manager is no limit implementation.

2025-05-29 09:35:57,905 WARN Tps point for ConfigQuery registered, But tps control manager is no limit implementation.

2025-05-29 09:35:57,905 WARN Tps point for NamingInstanceUpdate registered, But tps control manager is no limit implementation.

2025-05-29 09:35:57,905 WARN Tps point for ConfigPublish registered, But tps control manager is no limit implementation.

2025-05-29 09:35:57,906 WARN Tps point for NamingInstanceMetadataUpdate registered, But tps control manager is no limit implementation.

2025-05-29 09:35:57,906 WARN Tps point for NamingInstanceMetadataUpdate registered, But tps control manager is no limit implementation.

2025-05-29 09:35:57,908 INFO No tps control rule of NamingServiceDeregister found,content =null  

2025-05-29 09:35:57,909 WARN Tps point for NamingServiceDeregister registered, But tps control manager is no limit implementation.

2025-05-29 09:35:57,909 WARN Tps point for NamingInstanceRegister registered, But tps control manager is no limit implementation.

2025-05-29 09:35:57,909 WARN Tps point for NamingServiceDeregister registered, But tps control manager is no limit implementation.

2025-05-29 09:35:57,909 WARN Tps point for NamingServiceListQuery registered, But tps control manager is no limit implementation.

2025-05-29 09:35:57,909 WARN Tps point for NamingInstanceQuery registered, But tps control manager is no limit implementation.

2025-05-29 09:35:57,910 WARN Tps point for NamingInstanceDeregister registered, But tps control manager is no limit implementation.

2025-05-29 09:39:14,394 INFO Not configure type of control plugin, no limit control for current node.

2025-05-29 09:39:14,398 INFO Load connection metrics collector,size=2,[com.alibaba.nacos.config.server.service.LongPollingConnectionMetricsCollector@ab7a938, com.alibaba.nacos.core.remote.LongConnectionMetricsCollector@4648ce9]

2025-05-29 09:39:14,403 INFO No connection rule content found ,use default empty rule 

2025-05-29 09:39:14,415 INFO No tps control rule of CONFIG_PUSH_COUNT found,content =null  

2025-05-29 09:39:14,416 WARN Tps point for CONFIG_PUSH_COUNT registered, But tps control manager is no limit implementation.

2025-05-29 09:39:14,417 INFO No tps control rule of CONFIG_PUSH_SUCCESS found,content =null  

2025-05-29 09:39:14,418 WARN Tps point for CONFIG_PUSH_SUCCESS registered, But tps control manager is no limit implementation.

2025-05-29 09:39:14,420 INFO No tps control rule of CONFIG_PUSH_FAIL found,content =null  

2025-05-29 09:39:14,421 WARN Tps point for CONFIG_PUSH_FAIL registered, But tps control manager is no limit implementation.

2025-05-29 09:39:17,566 INFO No tps control rule of ConfigQuery found,content =null  

2025-05-29 09:39:17,567 WARN Tps point for ConfigQuery registered, But tps control manager is no limit implementation.

2025-05-29 09:39:17,569 INFO No tps control rule of ClusterConfigChangeNotify found,content =null  

2025-05-29 09:39:17,570 WARN Tps point for ClusterConfigChangeNotify registered, But tps control manager is no limit implementation.

2025-05-29 09:39:17,588 INFO No tps control rule of ConfigListen found,content =null  

2025-05-29 09:39:17,589 WARN Tps point for ConfigListen registered, But tps control manager is no limit implementation.

2025-05-29 09:39:17,591 INFO No tps control rule of ConfigRemove found,content =null  

2025-05-29 09:39:17,592 WARN Tps point for ConfigRemove registered, But tps control manager is no limit implementation.

2025-05-29 09:39:17,594 INFO No tps control rule of ConfigPublish found,content =null  

2025-05-29 09:39:17,594 WARN Tps point for ConfigPublish registered, But tps control manager is no limit implementation.

2025-05-29 09:39:17,597 INFO No tps control rule of HealthCheck found,content =null  

2025-05-29 09:39:17,597 WARN Tps point for HealthCheck registered, But tps control manager is no limit implementation.

2025-05-29 09:39:17,599 INFO No tps control rule of RemoteNamingServiceQuery found,content =null  

2025-05-29 09:39:17,600 WARN Tps point for RemoteNamingServiceQuery registered, But tps control manager is no limit implementation.

2025-05-29 09:39:17,602 INFO No tps control rule of RemoteNamingInstanceBatchRegister found,content =null  

2025-05-29 09:39:17,602 WARN Tps point for RemoteNamingInstanceBatchRegister registered, But tps control manager is no limit implementation.

2025-05-29 09:39:17,604 INFO No tps control rule of RemoteNamingInstanceRegisterDeregister found,content =null  

2025-05-29 09:39:17,605 WARN Tps point for RemoteNamingInstanceRegisterDeregister registered, But tps control manager is no limit implementation.

2025-05-29 09:39:17,607 INFO No tps control rule of RemoteNamingServiceListQuery found,content =null  

2025-05-29 09:39:17,608 WARN Tps point for RemoteNamingServiceListQuery registered, But tps control manager is no limit implementation.

2025-05-29 09:39:17,611 INFO No tps control rule of RemoteNamingServiceSubscribeUnSubscribe found,content =null  

2025-05-29 09:39:17,611 WARN Tps point for RemoteNamingServiceSubscribeUnSubscribe registered, But tps control manager is no limit implementation.

2025-05-29 09:39:17,612 WARN Tps point for RemoteNamingInstanceRegisterDeregister registered, But tps control manager is no limit implementation.

2025-05-29 09:39:17,613 WARN Tps point for ConfigPublish registered, But tps control manager is no limit implementation.

2025-05-29 09:39:17,616 INFO No tps control rule of NamingServiceUpdate found,content =null  

2025-05-29 09:39:17,616 WARN Tps point for NamingServiceUpdate registered, But tps control manager is no limit implementation.

2025-05-29 09:39:17,618 INFO No tps control rule of NamingServiceListQuery found,content =null  

2025-05-29 09:39:17,618 WARN Tps point for NamingServiceListQuery registered, But tps control manager is no limit implementation.

2025-05-29 09:39:17,622 INFO No tps control rule of NamingServiceDeregister found,content =null  

2025-05-29 09:39:17,622 WARN Tps point for NamingServiceDeregister registered, But tps control manager is no limit implementation.

2025-05-29 09:39:17,624 INFO No tps control rule of NamingServiceQuery found,content =null  

2025-05-29 09:39:17,624 WARN Tps point for NamingServiceQuery registered, But tps control manager is no limit implementation.

2025-05-29 09:39:17,626 INFO No tps control rule of NamingInstanceMetadataUpdate found,content =null  

2025-05-29 09:39:17,626 WARN Tps point for NamingInstanceMetadataUpdate registered, But tps control manager is no limit implementation.

2025-05-29 09:39:17,626 WARN Tps point for NamingServiceDeregister registered, But tps control manager is no limit implementation.

2025-05-29 09:39:17,628 INFO No tps control rule of NamingInstanceRegister found,content =null  

2025-05-29 09:39:17,629 WARN Tps point for NamingInstanceRegister registered, But tps control manager is no limit implementation.

2025-05-29 09:39:17,631 INFO No tps control rule of NamingInstanceUpdate found,content =null  

2025-05-29 09:39:17,631 WARN Tps point for NamingInstanceUpdate registered, But tps control manager is no limit implementation.

2025-05-29 09:39:17,631 WARN Tps point for NamingServiceQuery registered, But tps control manager is no limit implementation.

2025-05-29 09:39:17,631 WARN Tps point for NamingInstanceMetadataUpdate registered, But tps control manager is no limit implementation.

2025-05-29 09:39:17,631 WARN Tps point for NamingInstanceMetadataUpdate registered, But tps control manager is no limit implementation.

2025-05-29 09:39:17,631 WARN Tps point for NamingServiceListQuery registered, But tps control manager is no limit implementation.

2025-05-29 09:39:17,633 INFO No tps control rule of NamingInstanceQuery found,content =null  

2025-05-29 09:39:17,633 WARN Tps point for NamingInstanceQuery registered, But tps control manager is no limit implementation.

2025-05-29 09:39:17,635 INFO No tps control rule of NamingServiceRegister found,content =null  

2025-05-29 09:39:17,636 WARN Tps point for NamingServiceRegister registered, But tps control manager is no limit implementation.

2025-05-29 09:39:17,638 INFO No tps control rule of NamingServiceSubscribe found,content =null  

2025-05-29 09:39:17,638 WARN Tps point for NamingServiceSubscribe registered, But tps control manager is no limit implementation.

2025-05-29 09:39:17,640 INFO No tps control rule of NamingInstanceDeregister found,content =null  

2025-05-29 09:39:17,641 WARN Tps point for NamingInstanceDeregister registered, But tps control manager is no limit implementation.

2025-05-29 09:39:17,641 WARN Tps point for NamingInstanceUpdate registered, But tps control manager is no limit implementation.

2025-05-29 09:39:17,642 WARN Tps point for NamingInstanceMetadataUpdate registered, But tps control manager is no limit implementation.

2025-05-29 09:39:17,644 INFO No tps control rule of HttpHealthCheck found,content =null  

2025-05-29 09:39:17,645 WARN Tps point for HttpHealthCheck registered, But tps control manager is no limit implementation.

2025-05-29 09:39:17,646 WARN Tps point for NamingInstanceQuery registered, But tps control manager is no limit implementation.

2025-05-29 09:39:17,646 WARN Tps point for ConfigQuery registered, But tps control manager is no limit implementation.

2025-05-29 09:39:17,646 WARN Tps point for NamingServiceUpdate registered, But tps control manager is no limit implementation.

2025-05-29 09:39:17,646 WARN Tps point for NamingServiceSubscribe registered, But tps control manager is no limit implementation.

2025-05-29 09:39:17,646 WARN Tps point for NamingInstanceRegister registered, But tps control manager is no limit implementation.

2025-05-29 09:39:17,646 WARN Tps point for HttpHealthCheck registered, But tps control manager is no limit implementation.

2025-05-29 09:39:17,647 WARN Tps point for NamingInstanceDeregister registered, But tps control manager is no limit implementation.

2025-05-29 09:39:17,647 WARN Tps point for NamingServiceRegister registered, But tps control manager is no limit implementation.

2025-05-29 09:39:56,200 INFO Not configure type of control plugin, no limit control for current node.

2025-05-29 09:39:56,207 INFO Load connection metrics collector,size=2,[com.alibaba.nacos.config.server.service.LongPollingConnectionMetricsCollector@61526469, com.alibaba.nacos.core.remote.LongConnectionMetricsCollector@76ba13c]

2025-05-29 09:39:56,210 INFO No connection rule content found ,use default empty rule 

2025-05-29 09:39:56,225 INFO No tps control rule of CONFIG_PUSH_COUNT found,content =null  

2025-05-29 09:39:56,226 WARN Tps point for CONFIG_PUSH_COUNT registered, But tps control manager is no limit implementation.

2025-05-29 09:39:56,229 INFO No tps control rule of CONFIG_PUSH_SUCCESS found,content =null  

2025-05-29 09:39:56,230 WARN Tps point for CONFIG_PUSH_SUCCESS registered, But tps control manager is no limit implementation.

2025-05-29 09:39:56,234 INFO No tps control rule of CONFIG_PUSH_FAIL found,content =null  

2025-05-29 09:39:56,236 WARN Tps point for CONFIG_PUSH_FAIL registered, But tps control manager is no limit implementation.

2025-05-29 09:40:00,322 INFO No tps control rule of ConfigQuery found,content =null  

2025-05-29 09:40:00,323 WARN Tps point for ConfigQuery registered, But tps control manager is no limit implementation.

2025-05-29 09:40:00,327 INFO No tps control rule of ClusterConfigChangeNotify found,content =null  

2025-05-29 09:40:00,328 WARN Tps point for ClusterConfigChangeNotify registered, But tps control manager is no limit implementation.

2025-05-29 09:40:00,343 INFO No tps control rule of ConfigListen found,content =null  

2025-05-29 09:40:00,343 WARN Tps point for ConfigListen registered, But tps control manager is no limit implementation.

2025-05-29 09:40:00,346 INFO No tps control rule of ConfigRemove found,content =null  

2025-05-29 09:40:00,347 WARN Tps point for ConfigRemove registered, But tps control manager is no limit implementation.

2025-05-29 09:40:00,350 INFO No tps control rule of ConfigPublish found,content =null  

2025-05-29 09:40:00,350 WARN Tps point for ConfigPublish registered, But tps control manager is no limit implementation.

2025-05-29 09:40:00,354 INFO No tps control rule of HealthCheck found,content =null  

2025-05-29 09:40:00,354 WARN Tps point for HealthCheck registered, But tps control manager is no limit implementation.

2025-05-29 09:40:00,357 INFO No tps control rule of RemoteNamingServiceQuery found,content =null  

2025-05-29 09:40:00,357 WARN Tps point for RemoteNamingServiceQuery registered, But tps control manager is no limit implementation.

2025-05-29 09:40:00,361 INFO No tps control rule of RemoteNamingInstanceBatchRegister found,content =null  

2025-05-29 09:40:00,361 WARN Tps point for RemoteNamingInstanceBatchRegister registered, But tps control manager is no limit implementation.

2025-05-29 09:40:00,365 INFO No tps control rule of RemoteNamingInstanceRegisterDeregister found,content =null  

2025-05-29 09:40:00,365 WARN Tps point for RemoteNamingInstanceRegisterDeregister registered, But tps control manager is no limit implementation.

2025-05-29 09:40:00,371 INFO No tps control rule of RemoteNamingServiceListQuery found,content =null  

2025-05-29 09:40:00,372 WARN Tps point for RemoteNamingServiceListQuery registered, But tps control manager is no limit implementation.

2025-05-29 09:40:00,375 INFO No tps control rule of RemoteNamingServiceSubscribeUnSubscribe found,content =null  

2025-05-29 09:40:00,376 WARN Tps point for RemoteNamingServiceSubscribeUnSubscribe registered, But tps control manager is no limit implementation.

2025-05-29 09:40:00,376 WARN Tps point for RemoteNamingInstanceRegisterDeregister registered, But tps control manager is no limit implementation.

2025-05-29 09:40:00,380 INFO No tps control rule of NamingInstanceMetadataUpdate found,content =null  

2025-05-29 09:40:00,381 WARN Tps point for NamingInstanceMetadataUpdate registered, But tps control manager is no limit implementation.

2025-05-29 09:40:00,383 INFO No tps control rule of NamingServiceListQuery found,content =null  

2025-05-29 09:40:00,384 WARN Tps point for NamingServiceListQuery registered, But tps control manager is no limit implementation.

2025-05-29 09:40:00,386 INFO No tps control rule of NamingInstanceRegister found,content =null  

2025-05-29 09:40:00,387 WARN Tps point for NamingInstanceRegister registered, But tps control manager is no limit implementation.

2025-05-29 09:40:00,390 INFO No tps control rule of NamingInstanceDeregister found,content =null  

2025-05-29 09:40:00,390 WARN Tps point for NamingInstanceDeregister registered, But tps control manager is no limit implementation.

2025-05-29 09:40:00,392 INFO No tps control rule of NamingServiceRegister found,content =null  

2025-05-29 09:40:00,393 WARN Tps point for NamingServiceRegister registered, But tps control manager is no limit implementation.

2025-05-29 09:40:00,395 INFO No tps control rule of NamingServiceSubscribe found,content =null  

2025-05-29 09:40:00,396 WARN Tps point for NamingServiceSubscribe registered, But tps control manager is no limit implementation.

2025-05-29 09:40:00,396 WARN Tps point for NamingServiceSubscribe registered, But tps control manager is no limit implementation.

2025-05-29 09:40:00,399 INFO No tps control rule of NamingServiceQuery found,content =null  

2025-05-29 09:40:00,400 WARN Tps point for NamingServiceQuery registered, But tps control manager is no limit implementation.

2025-05-29 09:40:00,403 INFO No tps control rule of HttpHealthCheck found,content =null  

2025-05-29 09:40:00,403 WARN Tps point for HttpHealthCheck registered, But tps control manager is no limit implementation.

2025-05-29 09:40:00,404 WARN Tps point for HttpHealthCheck registered, But tps control manager is no limit implementation.

2025-05-29 09:40:00,407 INFO No tps control rule of NamingInstanceUpdate found,content =null  

2025-05-29 09:40:00,407 WARN Tps point for NamingInstanceUpdate registered, But tps control manager is no limit implementation.

2025-05-29 09:40:00,408 WARN Tps point for ConfigQuery registered, But tps control manager is no limit implementation.

2025-05-29 09:40:00,411 INFO No tps control rule of NamingInstanceQuery found,content =null  

2025-05-29 09:40:00,411 WARN Tps point for NamingInstanceQuery registered, But tps control manager is no limit implementation.

2025-05-29 09:40:00,412 WARN Tps point for NamingServiceRegister registered, But tps control manager is no limit implementation.

2025-05-29 09:40:00,414 INFO No tps control rule of NamingServiceUpdate found,content =null  

2025-05-29 09:40:00,415 WARN Tps point for NamingServiceUpdate registered, But tps control manager is no limit implementation.

2025-05-29 09:40:00,415 WARN Tps point for NamingInstanceRegister registered, But tps control manager is no limit implementation.

2025-05-29 09:40:00,416 WARN Tps point for NamingInstanceDeregister registered, But tps control manager is no limit implementation.

2025-05-29 09:40:00,419 INFO No tps control rule of NamingServiceDeregister found,content =null  

2025-05-29 09:40:00,419 WARN Tps point for NamingServiceDeregister registered, But tps control manager is no limit implementation.

2025-05-29 09:40:00,420 WARN Tps point for NamingServiceUpdate registered, But tps control manager is no limit implementation.

2025-05-29 09:40:00,420 WARN Tps point for NamingServiceListQuery registered, But tps control manager is no limit implementation.

2025-05-29 09:40:00,421 WARN Tps point for NamingInstanceQuery registered, But tps control manager is no limit implementation.

2025-05-29 09:40:00,421 WARN Tps point for NamingInstanceMetadataUpdate registered, But tps control manager is no limit implementation.

2025-05-29 09:40:00,421 WARN Tps point for NamingServiceDeregister registered, But tps control manager is no limit implementation.

2025-05-29 09:40:00,421 WARN Tps point for ConfigPublish registered, But tps control manager is no limit implementation.

2025-05-29 09:40:00,421 WARN Tps point for NamingServiceQuery registered, But tps control manager is no limit implementation.

2025-05-29 09:40:00,422 WARN Tps point for NamingInstanceMetadataUpdate registered, But tps control manager is no limit implementation.

2025-05-29 09:40:00,422 WARN Tps point for NamingInstanceUpdate registered, But tps control manager is no limit implementation.

2025-05-29 09:40:00,422 WARN Tps point for NamingInstanceMetadataUpdate registered, But tps control manager is no limit implementation.

2025-05-29 09:58:43,946 INFO Not configure type of control plugin, no limit control for current node.

2025-05-29 09:58:43,949 INFO Load connection metrics collector,size=2,[com.alibaba.nacos.config.server.service.LongPollingConnectionMetricsCollector@741b3bc3, com.alibaba.nacos.core.remote.LongConnectionMetricsCollector@63648ee9]

2025-05-29 09:58:43,952 INFO No connection rule content found ,use default empty rule 

2025-05-29 09:58:43,963 INFO No tps control rule of CONFIG_PUSH_COUNT found,content =null  

2025-05-29 09:58:43,963 WARN Tps point for CONFIG_PUSH_COUNT registered, But tps control manager is no limit implementation.

2025-05-29 09:58:43,966 INFO No tps control rule of CONFIG_PUSH_SUCCESS found,content =null  

2025-05-29 09:58:43,967 WARN Tps point for CONFIG_PUSH_SUCCESS registered, But tps control manager is no limit implementation.

2025-05-29 09:58:43,970 INFO No tps control rule of CONFIG_PUSH_FAIL found,content =null  

2025-05-29 09:58:43,971 WARN Tps point for CONFIG_PUSH_FAIL registered, But tps control manager is no limit implementation.

2025-05-29 09:58:47,372 INFO No tps control rule of ConfigQuery found,content =null  

2025-05-29 09:58:47,373 WARN Tps point for ConfigQuery registered, But tps control manager is no limit implementation.

2025-05-29 09:58:47,375 INFO No tps control rule of ClusterConfigChangeNotify found,content =null  

2025-05-29 09:58:47,376 WARN Tps point for ClusterConfigChangeNotify registered, But tps control manager is no limit implementation.

2025-05-29 09:58:47,392 INFO No tps control rule of ConfigListen found,content =null  

2025-05-29 09:58:47,392 WARN Tps point for ConfigListen registered, But tps control manager is no limit implementation.

2025-05-29 09:58:47,397 INFO No tps control rule of ConfigRemove found,content =null  

2025-05-29 09:58:47,399 WARN Tps point for ConfigRemove registered, But tps control manager is no limit implementation.

2025-05-29 09:58:47,404 INFO No tps control rule of ConfigPublish found,content =null  

2025-05-29 09:58:47,404 WARN Tps point for ConfigPublish registered, But tps control manager is no limit implementation.

2025-05-29 09:58:47,409 INFO No tps control rule of HealthCheck found,content =null  

2025-05-29 09:58:47,409 WARN Tps point for HealthCheck registered, But tps control manager is no limit implementation.

2025-05-29 09:58:47,413 INFO No tps control rule of RemoteNamingServiceQuery found,content =null  

2025-05-29 09:58:47,414 WARN Tps point for RemoteNamingServiceQuery registered, But tps control manager is no limit implementation.

2025-05-29 09:58:47,419 INFO No tps control rule of RemoteNamingInstanceBatchRegister found,content =null  

2025-05-29 09:58:47,419 WARN Tps point for RemoteNamingInstanceBatchRegister registered, But tps control manager is no limit implementation.

2025-05-29 09:58:47,424 INFO No tps control rule of RemoteNamingInstanceRegisterDeregister found,content =null  

2025-05-29 09:58:47,424 WARN Tps point for RemoteNamingInstanceRegisterDeregister registered, But tps control manager is no limit implementation.

2025-05-29 09:58:47,429 INFO No tps control rule of RemoteNamingServiceListQuery found,content =null  

2025-05-29 09:58:47,429 WARN Tps point for RemoteNamingServiceListQuery registered, But tps control manager is no limit implementation.

2025-05-29 09:58:47,434 INFO No tps control rule of RemoteNamingServiceSubscribeUnSubscribe found,content =null  

2025-05-29 09:58:47,434 WARN Tps point for RemoteNamingServiceSubscribeUnSubscribe registered, But tps control manager is no limit implementation.

2025-05-29 09:58:47,435 WARN Tps point for RemoteNamingInstanceRegisterDeregister registered, But tps control manager is no limit implementation.

2025-05-29 09:58:47,440 INFO No tps control rule of NamingServiceRegister found,content =null  

2025-05-29 09:58:47,440 WARN Tps point for NamingServiceRegister registered, But tps control manager is no limit implementation.

2025-05-29 09:58:47,440 WARN Tps point for ConfigQuery registered, But tps control manager is no limit implementation.

2025-05-29 09:58:47,445 INFO No tps control rule of HttpHealthCheck found,content =null  

2025-05-29 09:58:47,445 WARN Tps point for HttpHealthCheck registered, But tps control manager is no limit implementation.

2025-05-29 09:58:47,450 INFO No tps control rule of NamingServiceUpdate found,content =null  

2025-05-29 09:58:47,450 WARN Tps point for NamingServiceUpdate registered, But tps control manager is no limit implementation.

2025-05-29 09:58:47,455 INFO No tps control rule of NamingServiceDeregister found,content =null  

2025-05-29 09:58:47,455 WARN Tps point for NamingServiceDeregister registered, But tps control manager is no limit implementation.

2025-05-29 09:58:47,459 INFO No tps control rule of NamingInstanceMetadataUpdate found,content =null  

2025-05-29 09:58:47,459 WARN Tps point for NamingInstanceMetadataUpdate registered, But tps control manager is no limit implementation.

2025-05-29 09:58:47,460 WARN Tps point for HttpHealthCheck registered, But tps control manager is no limit implementation.

2025-05-29 09:58:47,464 INFO No tps control rule of NamingServiceSubscribe found,content =null  

2025-05-29 09:58:47,464 WARN Tps point for NamingServiceSubscribe registered, But tps control manager is no limit implementation.

2025-05-29 09:58:47,468 INFO No tps control rule of NamingServiceQuery found,content =null  

2025-05-29 09:58:47,469 WARN Tps point for NamingServiceQuery registered, But tps control manager is no limit implementation.

2025-05-29 09:58:47,469 WARN Tps point for NamingServiceSubscribe registered, But tps control manager is no limit implementation.

2025-05-29 09:58:47,474 INFO No tps control rule of NamingInstanceDeregister found,content =null  

2025-05-29 09:58:47,474 WARN Tps point for NamingInstanceDeregister registered, But tps control manager is no limit implementation.

2025-05-29 09:58:47,475 WARN Tps point for NamingServiceRegister registered, But tps control manager is no limit implementation.

2025-05-29 09:58:47,475 WARN Tps point for NamingServiceDeregister registered, But tps control manager is no limit implementation.

2025-05-29 09:58:47,480 INFO No tps control rule of NamingServiceListQuery found,content =null  

2025-05-29 09:58:47,481 WARN Tps point for NamingServiceListQuery registered, But tps control manager is no limit implementation.

2025-05-29 09:58:47,485 INFO No tps control rule of NamingInstanceQuery found,content =null  

2025-05-29 09:58:47,486 WARN Tps point for NamingInstanceQuery registered, But tps control manager is no limit implementation.

2025-05-29 09:58:47,486 WARN Tps point for NamingServiceUpdate registered, But tps control manager is no limit implementation.

2025-05-29 09:58:47,489 INFO No tps control rule of NamingInstanceRegister found,content =null  

2025-05-29 09:58:47,490 WARN Tps point for NamingInstanceRegister registered, But tps control manager is no limit implementation.

2025-05-29 09:58:47,490 WARN Tps point for NamingServiceQuery registered, But tps control manager is no limit implementation.

2025-05-29 09:58:47,494 INFO No tps control rule of NamingInstanceUpdate found,content =null  

2025-05-29 09:58:47,494 WARN Tps point for NamingInstanceUpdate registered, But tps control manager is no limit implementation.

2025-05-29 09:58:47,494 WARN Tps point for NamingInstanceQuery registered, But tps control manager is no limit implementation.

2025-05-29 09:58:47,495 WARN Tps point for NamingInstanceMetadataUpdate registered, But tps control manager is no limit implementation.

2025-05-29 09:58:47,496 WARN Tps point for NamingServiceListQuery registered, But tps control manager is no limit implementation.

2025-05-29 09:58:47,496 WARN Tps point for NamingInstanceRegister registered, But tps control manager is no limit implementation.

2025-05-29 09:58:47,496 WARN Tps point for NamingInstanceMetadataUpdate registered, But tps control manager is no limit implementation.

2025-05-29 09:58:47,496 WARN Tps point for NamingInstanceUpdate registered, But tps control manager is no limit implementation.

2025-05-29 09:58:47,496 WARN Tps point for NamingInstanceDeregister registered, But tps control manager is no limit implementation.

2025-05-29 09:58:47,497 WARN Tps point for ConfigPublish registered, But tps control manager is no limit implementation.

2025-05-29 09:58:47,497 WARN Tps point for NamingInstanceMetadataUpdate registered, But tps control manager is no limit implementation.

2025-05-29 10:06:33,257 INFO Not configure type of control plugin, no limit control for current node.

2025-05-29 10:06:33,261 INFO Load connection metrics collector,size=2,[com.alibaba.nacos.config.server.service.LongPollingConnectionMetricsCollector@77b21474, com.alibaba.nacos.core.remote.LongConnectionMetricsCollector@41c07648]

2025-05-29 10:06:33,264 INFO No connection rule content found ,use default empty rule 

2025-05-29 10:06:33,282 INFO No tps control rule of CONFIG_PUSH_COUNT found,content =null  

2025-05-29 10:06:33,284 WARN Tps point for CONFIG_PUSH_COUNT registered, But tps control manager is no limit implementation.

2025-05-29 10:06:33,289 INFO No tps control rule of CONFIG_PUSH_SUCCESS found,content =null  

2025-05-29 10:06:33,290 WARN Tps point for CONFIG_PUSH_SUCCESS registered, But tps control manager is no limit implementation.

2025-05-29 10:06:33,294 INFO No tps control rule of CONFIG_PUSH_FAIL found,content =null  

2025-05-29 10:06:33,295 WARN Tps point for CONFIG_PUSH_FAIL registered, But tps control manager is no limit implementation.

2025-05-29 10:06:36,924 INFO No tps control rule of ConfigQuery found,content =null  

2025-05-29 10:06:36,925 WARN Tps point for ConfigQuery registered, But tps control manager is no limit implementation.

2025-05-29 10:06:36,929 INFO No tps control rule of ClusterConfigChangeNotify found,content =null  

2025-05-29 10:06:36,930 WARN Tps point for ClusterConfigChangeNotify registered, But tps control manager is no limit implementation.

2025-05-29 10:06:36,944 INFO No tps control rule of ConfigListen found,content =null  

2025-05-29 10:06:36,945 WARN Tps point for ConfigListen registered, But tps control manager is no limit implementation.

2025-05-29 10:06:36,949 INFO No tps control rule of ConfigRemove found,content =null  

2025-05-29 10:06:36,950 WARN Tps point for ConfigRemove registered, But tps control manager is no limit implementation.

2025-05-29 10:06:36,954 INFO No tps control rule of ConfigPublish found,content =null  

2025-05-29 10:06:36,954 WARN Tps point for ConfigPublish registered, But tps control manager is no limit implementation.

2025-05-29 10:06:36,958 INFO No tps control rule of HealthCheck found,content =null  

2025-05-29 10:06:36,958 WARN Tps point for HealthCheck registered, But tps control manager is no limit implementation.

2025-05-29 10:06:36,962 INFO No tps control rule of RemoteNamingServiceQuery found,content =null  

2025-05-29 10:06:36,962 WARN Tps point for RemoteNamingServiceQuery registered, But tps control manager is no limit implementation.

2025-05-29 10:06:36,967 INFO No tps control rule of RemoteNamingInstanceBatchRegister found,content =null  

2025-05-29 10:06:36,967 WARN Tps point for RemoteNamingInstanceBatchRegister registered, But tps control manager is no limit implementation.

2025-05-29 10:06:36,971 INFO No tps control rule of RemoteNamingInstanceRegisterDeregister found,content =null  

2025-05-29 10:06:36,972 WARN Tps point for RemoteNamingInstanceRegisterDeregister registered, But tps control manager is no limit implementation.

2025-05-29 10:06:36,975 INFO No tps control rule of RemoteNamingServiceListQuery found,content =null  

2025-05-29 10:06:36,975 WARN Tps point for RemoteNamingServiceListQuery registered, But tps control manager is no limit implementation.

2025-05-29 10:06:36,978 INFO No tps control rule of RemoteNamingServiceSubscribeUnSubscribe found,content =null  

2025-05-29 10:06:36,978 WARN Tps point for RemoteNamingServiceSubscribeUnSubscribe registered, But tps control manager is no limit implementation.

2025-05-29 10:06:36,978 WARN Tps point for RemoteNamingInstanceRegisterDeregister registered, But tps control manager is no limit implementation.

2025-05-29 10:06:36,982 INFO No tps control rule of NamingServiceUpdate found,content =null  

2025-05-29 10:06:36,982 WARN Tps point for NamingServiceUpdate registered, But tps control manager is no limit implementation.

2025-05-29 10:06:36,984 INFO No tps control rule of NamingInstanceQuery found,content =null  

2025-05-29 10:06:36,985 WARN Tps point for NamingInstanceQuery registered, But tps control manager is no limit implementation.

2025-05-29 10:06:36,989 INFO No tps control rule of NamingServiceRegister found,content =null  

2025-05-29 10:06:36,989 WARN Tps point for NamingServiceRegister registered, But tps control manager is no limit implementation.

2025-05-29 10:06:36,993 INFO No tps control rule of NamingServiceSubscribe found,content =null  

2025-05-29 10:06:36,994 WARN Tps point for NamingServiceSubscribe registered, But tps control manager is no limit implementation.

2025-05-29 10:06:36,998 INFO No tps control rule of NamingInstanceUpdate found,content =null  

2025-05-29 10:06:36,998 WARN Tps point for NamingInstanceUpdate registered, But tps control manager is no limit implementation.

2025-05-29 10:06:37,003 INFO No tps control rule of NamingServiceListQuery found,content =null  

2025-05-29 10:06:37,003 WARN Tps point for NamingServiceListQuery registered, But tps control manager is no limit implementation.

2025-05-29 10:06:37,007 INFO No tps control rule of NamingInstanceMetadataUpdate found,content =null  

2025-05-29 10:06:37,008 WARN Tps point for NamingInstanceMetadataUpdate registered, But tps control manager is no limit implementation.

2025-05-29 10:06:37,008 WARN Tps point for NamingServiceListQuery registered, But tps control manager is no limit implementation.

2025-05-29 10:06:37,009 WARN Tps point for NamingInstanceQuery registered, But tps control manager is no limit implementation.

2025-05-29 10:06:37,009 WARN Tps point for ConfigPublish registered, But tps control manager is no limit implementation.

2025-05-29 10:06:37,010 WARN Tps point for ConfigQuery registered, But tps control manager is no limit implementation.

2025-05-29 10:06:37,014 INFO No tps control rule of NamingInstanceDeregister found,content =null  

2025-05-29 10:06:37,014 WARN Tps point for NamingInstanceDeregister registered, But tps control manager is no limit implementation.

2025-05-29 10:06:37,017 INFO No tps control rule of NamingInstanceRegister found,content =null  

2025-05-29 10:06:37,018 WARN Tps point for NamingInstanceRegister registered, But tps control manager is no limit implementation.

2025-05-29 10:06:37,023 INFO No tps control rule of NamingServiceDeregister found,content =null  

2025-05-29 10:06:37,023 WARN Tps point for NamingServiceDeregister registered, But tps control manager is no limit implementation.

2025-05-29 10:06:37,023 WARN Tps point for NamingInstanceDeregister registered, But tps control manager is no limit implementation.

2025-05-29 10:06:37,024 WARN Tps point for NamingInstanceMetadataUpdate registered, But tps control manager is no limit implementation.

2025-05-29 10:06:37,024 WARN Tps point for NamingServiceSubscribe registered, But tps control manager is no limit implementation.

2025-05-29 10:06:37,025 WARN Tps point for NamingInstanceMetadataUpdate registered, But tps control manager is no limit implementation.

2025-05-29 10:06:37,025 WARN Tps point for NamingServiceDeregister registered, But tps control manager is no limit implementation.

2025-05-29 10:06:37,026 WARN Tps point for NamingInstanceRegister registered, But tps control manager is no limit implementation.

2025-05-29 10:06:37,029 INFO No tps control rule of NamingServiceQuery found,content =null  

2025-05-29 10:06:37,029 WARN Tps point for NamingServiceQuery registered, But tps control manager is no limit implementation.

2025-05-29 10:06:37,032 INFO No tps control rule of HttpHealthCheck found,content =null  

2025-05-29 10:06:37,032 WARN Tps point for HttpHealthCheck registered, But tps control manager is no limit implementation.

2025-05-29 10:06:37,032 WARN Tps point for HttpHealthCheck registered, But tps control manager is no limit implementation.

2025-05-29 10:06:37,033 WARN Tps point for NamingServiceUpdate registered, But tps control manager is no limit implementation.

2025-05-29 10:06:37,033 WARN Tps point for NamingServiceRegister registered, But tps control manager is no limit implementation.

2025-05-29 10:06:37,033 WARN Tps point for NamingInstanceMetadataUpdate registered, But tps control manager is no limit implementation.

2025-05-29 10:06:37,033 WARN Tps point for NamingServiceQuery registered, But tps control manager is no limit implementation.

2025-05-29 10:06:37,033 WARN Tps point for NamingInstanceUpdate registered, But tps control manager is no limit implementation.

2025-05-29 10:22:28,349 INFO Not configure type of control plugin, no limit control for current node.

2025-05-29 10:22:28,352 INFO Load connection metrics collector,size=2,[com.alibaba.nacos.config.server.service.LongPollingConnectionMetricsCollector@4c6daf0, com.alibaba.nacos.core.remote.LongConnectionMetricsCollector@659eef7]

2025-05-29 10:22:28,355 INFO No connection rule content found ,use default empty rule 

2025-05-29 10:22:28,367 INFO No tps control rule of CONFIG_PUSH_COUNT found,content =null  

2025-05-29 10:22:28,368 WARN Tps point for CONFIG_PUSH_COUNT registered, But tps control manager is no limit implementation.

2025-05-29 10:22:28,370 INFO No tps control rule of CONFIG_PUSH_SUCCESS found,content =null  

2025-05-29 10:22:28,371 WARN Tps point for CONFIG_PUSH_SUCCESS registered, But tps control manager is no limit implementation.

2025-05-29 10:22:28,374 INFO No tps control rule of CONFIG_PUSH_FAIL found,content =null  

2025-05-29 10:22:28,374 WARN Tps point for CONFIG_PUSH_FAIL registered, But tps control manager is no limit implementation.

2025-05-29 10:22:31,885 INFO No tps control rule of ConfigQuery found,content =null  

2025-05-29 10:22:31,886 WARN Tps point for ConfigQuery registered, But tps control manager is no limit implementation.

2025-05-29 10:22:31,888 INFO No tps control rule of ClusterConfigChangeNotify found,content =null  

2025-05-29 10:22:31,889 WARN Tps point for ClusterConfigChangeNotify registered, But tps control manager is no limit implementation.

2025-05-29 10:22:31,904 INFO No tps control rule of ConfigListen found,content =null  

2025-05-29 10:22:31,905 WARN Tps point for ConfigListen registered, But tps control manager is no limit implementation.

2025-05-29 10:22:31,909 INFO No tps control rule of ConfigRemove found,content =null  

2025-05-29 10:22:31,909 WARN Tps point for ConfigRemove registered, But tps control manager is no limit implementation.

2025-05-29 10:22:31,912 INFO No tps control rule of ConfigPublish found,content =null  

2025-05-29 10:22:31,912 WARN Tps point for ConfigPublish registered, But tps control manager is no limit implementation.

2025-05-29 10:22:31,915 INFO No tps control rule of HealthCheck found,content =null  

2025-05-29 10:22:31,915 WARN Tps point for HealthCheck registered, But tps control manager is no limit implementation.

2025-05-29 10:22:31,920 INFO No tps control rule of RemoteNamingServiceQuery found,content =null  

2025-05-29 10:22:31,920 WARN Tps point for RemoteNamingServiceQuery registered, But tps control manager is no limit implementation.

2025-05-29 10:22:31,923 INFO No tps control rule of RemoteNamingInstanceBatchRegister found,content =null  

2025-05-29 10:22:31,924 WARN Tps point for RemoteNamingInstanceBatchRegister registered, But tps control manager is no limit implementation.

2025-05-29 10:22:31,927 INFO No tps control rule of RemoteNamingInstanceRegisterDeregister found,content =null  

2025-05-29 10:22:31,927 WARN Tps point for RemoteNamingInstanceRegisterDeregister registered, But tps control manager is no limit implementation.

2025-05-29 10:22:31,930 INFO No tps control rule of RemoteNamingServiceListQuery found,content =null  

2025-05-29 10:22:31,930 WARN Tps point for RemoteNamingServiceListQuery registered, But tps control manager is no limit implementation.

2025-05-29 10:22:31,934 INFO No tps control rule of RemoteNamingServiceSubscribeUnSubscribe found,content =null  

2025-05-29 10:22:31,934 WARN Tps point for RemoteNamingServiceSubscribeUnSubscribe registered, But tps control manager is no limit implementation.

2025-05-29 10:22:31,935 WARN Tps point for RemoteNamingInstanceRegisterDeregister registered, But tps control manager is no limit implementation.

2025-05-29 10:22:31,938 INFO No tps control rule of NamingServiceRegister found,content =null  

2025-05-29 10:22:31,938 WARN Tps point for NamingServiceRegister registered, But tps control manager is no limit implementation.

2025-05-29 10:22:31,942 INFO No tps control rule of NamingServiceDeregister found,content =null  

2025-05-29 10:22:31,942 WARN Tps point for NamingServiceDeregister registered, But tps control manager is no limit implementation.

2025-05-29 10:22:31,945 INFO No tps control rule of NamingServiceQuery found,content =null  

2025-05-29 10:22:31,945 WARN Tps point for NamingServiceQuery registered, But tps control manager is no limit implementation.

2025-05-29 10:22:31,948 INFO No tps control rule of NamingServiceSubscribe found,content =null  

2025-05-29 10:22:31,949 WARN Tps point for NamingServiceSubscribe registered, But tps control manager is no limit implementation.

2025-05-29 10:22:31,952 INFO No tps control rule of NamingServiceListQuery found,content =null  

2025-05-29 10:22:31,952 WARN Tps point for NamingServiceListQuery registered, But tps control manager is no limit implementation.

2025-05-29 10:22:31,955 INFO No tps control rule of HttpHealthCheck found,content =null  

2025-05-29 10:22:31,955 WARN Tps point for HttpHealthCheck registered, But tps control manager is no limit implementation.

2025-05-29 10:22:31,955 WARN Tps point for HttpHealthCheck registered, But tps control manager is no limit implementation.

2025-05-29 10:22:31,956 WARN Tps point for NamingServiceRegister registered, But tps control manager is no limit implementation.

2025-05-29 10:22:31,956 WARN Tps point for NamingServiceQuery registered, But tps control manager is no limit implementation.

2025-05-29 10:22:31,956 WARN Tps point for NamingServiceSubscribe registered, But tps control manager is no limit implementation.

2025-05-29 10:22:31,959 INFO No tps control rule of NamingInstanceMetadataUpdate found,content =null  

2025-05-29 10:22:31,959 WARN Tps point for NamingInstanceMetadataUpdate registered, But tps control manager is no limit implementation.

2025-05-29 10:22:31,963 INFO No tps control rule of NamingInstanceDeregister found,content =null  

2025-05-29 10:22:31,963 WARN Tps point for NamingInstanceDeregister registered, But tps control manager is no limit implementation.

2025-05-29 10:22:31,966 INFO No tps control rule of NamingServiceUpdate found,content =null  

2025-05-29 10:22:31,966 WARN Tps point for NamingServiceUpdate registered, But tps control manager is no limit implementation.

2025-05-29 10:22:31,969 INFO No tps control rule of NamingInstanceUpdate found,content =null  

2025-05-29 10:22:31,970 WARN Tps point for NamingInstanceUpdate registered, But tps control manager is no limit implementation.

2025-05-29 10:22:31,973 INFO No tps control rule of NamingInstanceRegister found,content =null  

2025-05-29 10:22:31,973 WARN Tps point for NamingInstanceRegister registered, But tps control manager is no limit implementation.

2025-05-29 10:22:31,973 WARN Tps point for NamingInstanceDeregister registered, But tps control manager is no limit implementation.

2025-05-29 10:22:31,973 WARN Tps point for NamingServiceUpdate registered, But tps control manager is no limit implementation.

2025-05-29 10:22:31,974 WARN Tps point for NamingInstanceUpdate registered, But tps control manager is no limit implementation.

2025-05-29 10:22:31,977 INFO No tps control rule of NamingInstanceQuery found,content =null  

2025-05-29 10:22:31,977 WARN Tps point for NamingInstanceQuery registered, But tps control manager is no limit implementation.

2025-05-29 10:22:31,977 WARN Tps point for NamingInstanceMetadataUpdate registered, But tps control manager is no limit implementation.

2025-05-29 10:22:31,978 WARN Tps point for ConfigQuery registered, But tps control manager is no limit implementation.

2025-05-29 10:22:31,979 WARN Tps point for NamingInstanceMetadataUpdate registered, But tps control manager is no limit implementation.

2025-05-29 10:22:31,979 WARN Tps point for NamingServiceDeregister registered, But tps control manager is no limit implementation.

2025-05-29 10:22:31,979 WARN Tps point for ConfigPublish registered, But tps control manager is no limit implementation.

2025-05-29 10:22:31,979 WARN Tps point for NamingInstanceQuery registered, But tps control manager is no limit implementation.

2025-05-29 10:22:31,980 WARN Tps point for NamingInstanceMetadataUpdate registered, But tps control manager is no limit implementation.

2025-05-29 10:22:31,980 WARN Tps point for NamingInstanceRegister registered, But tps control manager is no limit implementation.

2025-05-29 10:22:31,980 WARN Tps point for NamingServiceListQuery registered, But tps control manager is no limit implementation.

2025-05-29 19:58:01,902 INFO Not configure type of control plugin, no limit control for current node.

2025-05-29 19:58:01,904 INFO Load connection metrics collector,size=2,[com.alibaba.nacos.config.server.service.LongPollingConnectionMetricsCollector@13579834, com.alibaba.nacos.core.remote.LongConnectionMetricsCollector@5bd73d1a]

2025-05-29 19:58:01,907 INFO No connection rule content found ,use default empty rule 

2025-05-29 19:58:01,919 INFO No tps control rule of CONFIG_PUSH_COUNT found,content =null  

2025-05-29 19:58:01,920 WARN Tps point for CONFIG_PUSH_COUNT registered, But tps control manager is no limit implementation.

2025-05-29 19:58:01,923 INFO No tps control rule of CONFIG_PUSH_SUCCESS found,content =null  

2025-05-29 19:58:01,923 WARN Tps point for CONFIG_PUSH_SUCCESS registered, But tps control manager is no limit implementation.

2025-05-29 19:58:01,926 INFO No tps control rule of CONFIG_PUSH_FAIL found,content =null  

2025-05-29 19:58:01,927 WARN Tps point for CONFIG_PUSH_FAIL registered, But tps control manager is no limit implementation.

2025-05-29 19:58:05,070 INFO No tps control rule of ConfigQuery found,content =null  

2025-05-29 19:58:05,071 WARN Tps point for ConfigQuery registered, But tps control manager is no limit implementation.

2025-05-29 19:58:05,073 INFO No tps control rule of ClusterConfigChangeNotify found,content =null  

2025-05-29 19:58:05,074 WARN Tps point for ClusterConfigChangeNotify registered, But tps control manager is no limit implementation.

2025-05-29 19:58:05,084 INFO No tps control rule of ConfigListen found,content =null  

2025-05-29 19:58:05,085 WARN Tps point for ConfigListen registered, But tps control manager is no limit implementation.

2025-05-29 19:58:05,087 INFO No tps control rule of ConfigRemove found,content =null  

2025-05-29 19:58:05,087 WARN Tps point for ConfigRemove registered, But tps control manager is no limit implementation.

2025-05-29 19:58:05,090 INFO No tps control rule of ConfigPublish found,content =null  

2025-05-29 19:58:05,090 WARN Tps point for ConfigPublish registered, But tps control manager is no limit implementation.

2025-05-29 19:58:05,092 INFO No tps control rule of HealthCheck found,content =null  

2025-05-29 19:58:05,092 WARN Tps point for HealthCheck registered, But tps control manager is no limit implementation.

2025-05-29 19:58:05,094 INFO No tps control rule of RemoteNamingServiceQuery found,content =null  

2025-05-29 19:58:05,095 WARN Tps point for RemoteNamingServiceQuery registered, But tps control manager is no limit implementation.

2025-05-29 19:58:05,098 INFO No tps control rule of RemoteNamingInstanceBatchRegister found,content =null  

2025-05-29 19:58:05,099 WARN Tps point for RemoteNamingInstanceBatchRegister registered, But tps control manager is no limit implementation.

2025-05-29 19:58:05,101 INFO No tps control rule of RemoteNamingInstanceRegisterDeregister found,content =null  

2025-05-29 19:58:05,101 WARN Tps point for RemoteNamingInstanceRegisterDeregister registered, But tps control manager is no limit implementation.

2025-05-29 19:58:05,104 INFO No tps control rule of RemoteNamingServiceListQuery found,content =null  

2025-05-29 19:58:05,104 WARN Tps point for RemoteNamingServiceListQuery registered, But tps control manager is no limit implementation.

2025-05-29 19:58:05,106 INFO No tps control rule of RemoteNamingServiceSubscribeUnSubscribe found,content =null  

2025-05-29 19:58:05,107 WARN Tps point for RemoteNamingServiceSubscribeUnSubscribe registered, But tps control manager is no limit implementation.

2025-05-29 19:58:05,107 WARN Tps point for RemoteNamingInstanceRegisterDeregister registered, But tps control manager is no limit implementation.

2025-05-29 19:58:05,111 INFO No tps control rule of NamingInstanceQuery found,content =null  

2025-05-29 19:58:05,111 WARN Tps point for NamingInstanceQuery registered, But tps control manager is no limit implementation.

2025-05-29 19:58:05,114 INFO No tps control rule of NamingServiceListQuery found,content =null  

2025-05-29 19:58:05,115 WARN Tps point for NamingServiceListQuery registered, But tps control manager is no limit implementation.

2025-05-29 19:58:05,117 INFO No tps control rule of HttpHealthCheck found,content =null  

2025-05-29 19:58:05,117 WARN Tps point for HttpHealthCheck registered, But tps control manager is no limit implementation.

2025-05-29 19:58:05,119 INFO No tps control rule of NamingInstanceMetadataUpdate found,content =null  

2025-05-29 19:58:05,120 WARN Tps point for NamingInstanceMetadataUpdate registered, But tps control manager is no limit implementation.

2025-05-29 19:58:05,122 INFO No tps control rule of NamingServiceRegister found,content =null  

2025-05-29 19:58:05,122 WARN Tps point for NamingServiceRegister registered, But tps control manager is no limit implementation.

2025-05-29 19:58:05,125 INFO No tps control rule of NamingServiceDeregister found,content =null  

2025-05-29 19:58:05,125 WARN Tps point for NamingServiceDeregister registered, But tps control manager is no limit implementation.

2025-05-29 19:58:05,128 INFO No tps control rule of NamingServiceQuery found,content =null  

2025-05-29 19:58:05,128 WARN Tps point for NamingServiceQuery registered, But tps control manager is no limit implementation.

2025-05-29 19:58:05,128 WARN Tps point for NamingInstanceMetadataUpdate registered, But tps control manager is no limit implementation.

2025-05-29 19:58:05,129 WARN Tps point for NamingServiceRegister registered, But tps control manager is no limit implementation.

2025-05-29 19:58:05,132 INFO No tps control rule of NamingInstanceDeregister found,content =null  

2025-05-29 19:58:05,132 WARN Tps point for NamingInstanceDeregister registered, But tps control manager is no limit implementation.

2025-05-29 19:58:05,135 INFO No tps control rule of NamingServiceUpdate found,content =null  

2025-05-29 19:58:05,135 WARN Tps point for NamingServiceUpdate registered, But tps control manager is no limit implementation.

2025-05-29 19:58:05,136 WARN Tps point for NamingInstanceMetadataUpdate registered, But tps control manager is no limit implementation.

2025-05-29 19:58:05,138 INFO No tps control rule of NamingInstanceUpdate found,content =null  

2025-05-29 19:58:05,139 WARN Tps point for NamingInstanceUpdate registered, But tps control manager is no limit implementation.

2025-05-29 19:58:05,140 INFO No tps control rule of NamingInstanceRegister found,content =null  

2025-05-29 19:58:05,141 WARN Tps point for NamingInstanceRegister registered, But tps control manager is no limit implementation.

2025-05-29 19:58:05,141 WARN Tps point for NamingServiceListQuery registered, But tps control manager is no limit implementation.

2025-05-29 19:58:05,141 WARN Tps point for NamingInstanceMetadataUpdate registered, But tps control manager is no limit implementation.

2025-05-29 19:58:05,141 WARN Tps point for ConfigQuery registered, But tps control manager is no limit implementation.

2025-05-29 19:58:05,142 WARN Tps point for HttpHealthCheck registered, But tps control manager is no limit implementation.

2025-05-29 19:58:05,142 WARN Tps point for NamingInstanceQuery registered, But tps control manager is no limit implementation.

2025-05-29 19:58:05,142 WARN Tps point for NamingServiceUpdate registered, But tps control manager is no limit implementation.

2025-05-29 19:58:05,142 WARN Tps point for NamingInstanceUpdate registered, But tps control manager is no limit implementation.

2025-05-29 19:58:05,146 INFO No tps control rule of NamingServiceSubscribe found,content =null  

2025-05-29 19:58:05,147 WARN Tps point for NamingServiceSubscribe registered, But tps control manager is no limit implementation.

2025-05-29 19:58:05,147 WARN Tps point for NamingInstanceDeregister registered, But tps control manager is no limit implementation.

2025-05-29 19:58:05,148 WARN Tps point for NamingServiceDeregister registered, But tps control manager is no limit implementation.

2025-05-29 19:58:05,148 WARN Tps point for ConfigPublish registered, But tps control manager is no limit implementation.

2025-05-29 19:58:05,148 WARN Tps point for NamingInstanceRegister registered, But tps control manager is no limit implementation.

2025-05-29 19:58:05,149 WARN Tps point for NamingServiceQuery registered, But tps control manager is no limit implementation.

2025-05-29 19:58:05,149 WARN Tps point for NamingServiceSubscribe registered, But tps control manager is no limit implementation.

