2025-05-29 08:33:29,193 INFO [ClientConnectionEventListenerRegistry] registry listener - ConnectionBasedClientManager

2025-05-29 08:33:40,446 INFO [ClientConnectionEventListenerRegistry] registry listener - ConfigConnectionEventListener

2025-05-29 08:33:40,482 INFO Nacos GrpcSdkServer Rpc server starting at port 9848

2025-05-29 08:33:40,724 INFO Load ProtocolNegotiatorBuilder com.alibaba.nacos.core.remote.grpc.negotiator.tls.SdkDefaultTlsProtocolNegotiatorBuilder for type DEFAULT_TLS

2025-05-29 08:33:40,725 INFO Load ProtocolNegotiatorBuilder com.alibaba.nacos.core.remote.grpc.negotiator.tls.ClusterDefaultTlsProtocolNegotiatorBuilder for type CLUSTER_DEFAULT_TLS

2025-05-29 08:33:40,727 WARN Not found ProtocolNegotiatorBuilder for type nacos.remote.server.rpc.protocol.negotiator.type, will use default type nacos.remote.server.rpc.protocol.negotiator.type

2025-05-29 08:33:40,730 WARN Recommended use 'nacos.remote.server.grpc.sdk.max-inbound-message-size' property instead 'nacos.remote.server.grpc.maxinbound.message.size', now property value is 10485760

2025-05-29 08:33:40,854 INFO Ssl Context auto refresh is not supported.

2025-05-29 08:33:40,855 INFO Ssl Context auto refresh is not supported.

2025-05-29 08:33:40,856 INFO RpcServerSslContextRefresher initialization completed.

2025-05-29 08:33:40,856 INFO Nacos GrpcSdkServer Rpc server started at port 9848

2025-05-29 08:33:40,859 INFO Nacos GrpcClusterServer Rpc server starting at port 9849

2025-05-29 08:33:40,860 WARN Not found ProtocolNegotiatorBuilder for type nacos.remote.cluster.server.rpc.protocol.negotiator.type, will use default type nacos.remote.cluster.server.rpc.protocol.negotiator.type

2025-05-29 08:33:40,861 WARN Recommended use 'nacos.remote.server.grpc.cluster.max-inbound-message-size' property instead 'nacos.remote.server.grpc.maxinbound.message.size', now property value is 10485760

2025-05-29 08:33:40,863 INFO Nacos GrpcClusterServer Rpc server started at port 9849

2025-05-29 08:33:40,888 INFO [ClientConnectionEventListenerRegistry] registry listener - RpcAckCallbackInitorOrCleaner

2025-05-29 08:58:16,507 INFO Nacos GrpcClusterServer Rpc server stopping

2025-05-29 08:58:16,508 INFO Nacos GrpcSdkServer Rpc server stopping

2025-05-29 08:58:16,547 INFO Nacos GrpcClusterServer Rpc server stopped successfully...

2025-05-29 08:58:16,547 INFO Nacos GrpcSdkServer Rpc server stopped successfully...

2025-05-29 09:04:48,806 INFO [ClientConnectionEventListenerRegistry] registry listener - ConnectionBasedClientManager

2025-05-29 09:04:53,845 INFO [ClientConnectionEventListenerRegistry] registry listener - ConfigConnectionEventListener

2025-05-29 09:04:53,881 INFO Nacos GrpcSdkServer Rpc server starting at port 9848

2025-05-29 09:04:54,093 INFO Load ProtocolNegotiatorBuilder com.alibaba.nacos.core.remote.grpc.negotiator.tls.SdkDefaultTlsProtocolNegotiatorBuilder for type DEFAULT_TLS

2025-05-29 09:04:54,095 INFO Load ProtocolNegotiatorBuilder com.alibaba.nacos.core.remote.grpc.negotiator.tls.ClusterDefaultTlsProtocolNegotiatorBuilder for type CLUSTER_DEFAULT_TLS

2025-05-29 09:04:54,096 WARN Not found ProtocolNegotiatorBuilder for type nacos.remote.server.rpc.protocol.negotiator.type, will use default type nacos.remote.server.rpc.protocol.negotiator.type

2025-05-29 09:04:54,101 WARN Recommended use 'nacos.remote.server.grpc.sdk.max-inbound-message-size' property instead 'nacos.remote.server.grpc.maxinbound.message.size', now property value is 10485760

2025-05-29 09:04:54,258 INFO Ssl Context auto refresh is not supported.

2025-05-29 09:04:54,259 INFO Ssl Context auto refresh is not supported.

2025-05-29 09:04:54,259 INFO RpcServerSslContextRefresher initialization completed.

2025-05-29 09:04:54,260 INFO Nacos GrpcSdkServer Rpc server started at port 9848

2025-05-29 09:04:54,262 INFO Nacos GrpcClusterServer Rpc server starting at port 9849

2025-05-29 09:04:54,263 WARN Not found ProtocolNegotiatorBuilder for type nacos.remote.cluster.server.rpc.protocol.negotiator.type, will use default type nacos.remote.cluster.server.rpc.protocol.negotiator.type

2025-05-29 09:04:54,266 WARN Recommended use 'nacos.remote.server.grpc.cluster.max-inbound-message-size' property instead 'nacos.remote.server.grpc.maxinbound.message.size', now property value is 10485760

2025-05-29 09:04:54,268 INFO Nacos GrpcClusterServer Rpc server started at port 9849

2025-05-29 09:04:54,292 INFO [ClientConnectionEventListenerRegistry] registry listener - RpcAckCallbackInitorOrCleaner

2025-05-29 09:26:33,906 INFO Nacos GrpcClusterServer Rpc server stopping

2025-05-29 09:26:33,908 INFO Nacos GrpcSdkServer Rpc server stopping

2025-05-29 09:26:33,965 INFO Nacos GrpcClusterServer Rpc server stopped successfully...

2025-05-29 09:26:33,965 INFO Nacos GrpcSdkServer Rpc server stopped successfully...

2025-05-29 09:26:53,610 INFO [ClientConnectionEventListenerRegistry] registry listener - ConnectionBasedClientManager

2025-05-29 09:26:59,309 INFO [ClientConnectionEventListenerRegistry] registry listener - ConfigConnectionEventListener

2025-05-29 09:26:59,349 INFO Nacos GrpcSdkServer Rpc server starting at port 9848

2025-05-29 09:26:59,590 INFO Load ProtocolNegotiatorBuilder com.alibaba.nacos.core.remote.grpc.negotiator.tls.SdkDefaultTlsProtocolNegotiatorBuilder for type DEFAULT_TLS

2025-05-29 09:26:59,592 INFO Load ProtocolNegotiatorBuilder com.alibaba.nacos.core.remote.grpc.negotiator.tls.ClusterDefaultTlsProtocolNegotiatorBuilder for type CLUSTER_DEFAULT_TLS

2025-05-29 09:26:59,593 WARN Not found ProtocolNegotiatorBuilder for type nacos.remote.server.rpc.protocol.negotiator.type, will use default type nacos.remote.server.rpc.protocol.negotiator.type

2025-05-29 09:26:59,596 WARN Recommended use 'nacos.remote.server.grpc.sdk.max-inbound-message-size' property instead 'nacos.remote.server.grpc.maxinbound.message.size', now property value is 10485760

2025-05-29 09:26:59,769 INFO Ssl Context auto refresh is not supported.

2025-05-29 09:26:59,770 INFO Ssl Context auto refresh is not supported.

2025-05-29 09:26:59,770 INFO RpcServerSslContextRefresher initialization completed.

2025-05-29 09:26:59,771 INFO Nacos GrpcSdkServer Rpc server started at port 9848

2025-05-29 09:26:59,773 INFO Nacos GrpcClusterServer Rpc server starting at port 9849

2025-05-29 09:26:59,775 WARN Not found ProtocolNegotiatorBuilder for type nacos.remote.cluster.server.rpc.protocol.negotiator.type, will use default type nacos.remote.cluster.server.rpc.protocol.negotiator.type

2025-05-29 09:26:59,776 WARN Recommended use 'nacos.remote.server.grpc.cluster.max-inbound-message-size' property instead 'nacos.remote.server.grpc.maxinbound.message.size', now property value is 10485760

2025-05-29 09:26:59,779 INFO Nacos GrpcClusterServer Rpc server started at port 9849

2025-05-29 09:26:59,802 INFO [ClientConnectionEventListenerRegistry] registry listener - RpcAckCallbackInitorOrCleaner

2025-05-29 09:31:13,079 INFO Nacos GrpcSdkServer Rpc server stopping

2025-05-29 09:31:13,080 INFO Nacos GrpcClusterServer Rpc server stopping

2025-05-29 09:31:13,101 INFO Nacos GrpcSdkServer Rpc server stopped successfully...

2025-05-29 09:31:13,101 INFO Nacos GrpcClusterServer Rpc server stopped successfully...

2025-05-29 09:32:06,377 INFO [ClientConnectionEventListenerRegistry] registry listener - ConnectionBasedClientManager

2025-05-29 09:32:12,710 INFO [ClientConnectionEventListenerRegistry] registry listener - ConfigConnectionEventListener

2025-05-29 09:32:12,740 INFO Nacos GrpcSdkServer Rpc server starting at port 9848

2025-05-29 09:32:12,982 INFO Load ProtocolNegotiatorBuilder com.alibaba.nacos.core.remote.grpc.negotiator.tls.SdkDefaultTlsProtocolNegotiatorBuilder for type DEFAULT_TLS

2025-05-29 09:32:12,983 INFO Load ProtocolNegotiatorBuilder com.alibaba.nacos.core.remote.grpc.negotiator.tls.ClusterDefaultTlsProtocolNegotiatorBuilder for type CLUSTER_DEFAULT_TLS

2025-05-29 09:32:12,984 WARN Not found ProtocolNegotiatorBuilder for type nacos.remote.server.rpc.protocol.negotiator.type, will use default type nacos.remote.server.rpc.protocol.negotiator.type

2025-05-29 09:32:12,987 WARN Recommended use 'nacos.remote.server.grpc.sdk.max-inbound-message-size' property instead 'nacos.remote.server.grpc.maxinbound.message.size', now property value is 10485760

2025-05-29 09:32:13,273 INFO Ssl Context auto refresh is not supported.

2025-05-29 09:32:13,274 INFO Ssl Context auto refresh is not supported.

2025-05-29 09:32:13,276 INFO RpcServerSslContextRefresher initialization completed.

2025-05-29 09:32:13,277 INFO Nacos GrpcSdkServer Rpc server started at port 9848

2025-05-29 09:32:13,280 INFO Nacos GrpcClusterServer Rpc server starting at port 9849

2025-05-29 09:32:13,287 WARN Not found ProtocolNegotiatorBuilder for type nacos.remote.cluster.server.rpc.protocol.negotiator.type, will use default type nacos.remote.cluster.server.rpc.protocol.negotiator.type

2025-05-29 09:32:13,288 WARN Recommended use 'nacos.remote.server.grpc.cluster.max-inbound-message-size' property instead 'nacos.remote.server.grpc.maxinbound.message.size', now property value is 10485760

2025-05-29 09:32:13,291 INFO Nacos GrpcClusterServer Rpc server started at port 9849

2025-05-29 09:32:13,322 INFO [ClientConnectionEventListenerRegistry] registry listener - RpcAckCallbackInitorOrCleaner

2025-05-29 09:35:14,831 INFO Nacos GrpcClusterServer Rpc server stopping

2025-05-29 09:35:14,831 INFO Nacos GrpcSdkServer Rpc server stopping

2025-05-29 09:35:14,850 INFO Nacos GrpcSdkServer Rpc server stopped successfully...

2025-05-29 09:35:14,850 INFO Nacos GrpcClusterServer Rpc server stopped successfully...

2025-05-29 09:35:48,469 INFO [ClientConnectionEventListenerRegistry] registry listener - ConnectionBasedClientManager

2025-05-29 09:35:53,938 INFO [ClientConnectionEventListenerRegistry] registry listener - ConfigConnectionEventListener

2025-05-29 09:35:54,003 INFO Nacos GrpcSdkServer Rpc server starting at port 9848

2025-05-29 09:35:54,246 INFO Load ProtocolNegotiatorBuilder com.alibaba.nacos.core.remote.grpc.negotiator.tls.SdkDefaultTlsProtocolNegotiatorBuilder for type DEFAULT_TLS

2025-05-29 09:35:54,248 INFO Load ProtocolNegotiatorBuilder com.alibaba.nacos.core.remote.grpc.negotiator.tls.ClusterDefaultTlsProtocolNegotiatorBuilder for type CLUSTER_DEFAULT_TLS

2025-05-29 09:35:54,248 WARN Not found ProtocolNegotiatorBuilder for type nacos.remote.server.rpc.protocol.negotiator.type, will use default type nacos.remote.server.rpc.protocol.negotiator.type

2025-05-29 09:35:54,253 WARN Recommended use 'nacos.remote.server.grpc.sdk.max-inbound-message-size' property instead 'nacos.remote.server.grpc.maxinbound.message.size', now property value is 10485760

2025-05-29 09:35:54,441 INFO Ssl Context auto refresh is not supported.

2025-05-29 09:35:54,442 INFO Ssl Context auto refresh is not supported.

2025-05-29 09:35:54,443 INFO RpcServerSslContextRefresher initialization completed.

2025-05-29 09:35:54,443 INFO Nacos GrpcSdkServer Rpc server started at port 9848

2025-05-29 09:35:54,445 INFO Nacos GrpcClusterServer Rpc server starting at port 9849

2025-05-29 09:35:54,448 WARN Not found ProtocolNegotiatorBuilder for type nacos.remote.cluster.server.rpc.protocol.negotiator.type, will use default type nacos.remote.cluster.server.rpc.protocol.negotiator.type

2025-05-29 09:35:54,449 WARN Recommended use 'nacos.remote.server.grpc.cluster.max-inbound-message-size' property instead 'nacos.remote.server.grpc.maxinbound.message.size', now property value is 10485760

2025-05-29 09:35:54,451 INFO Nacos GrpcClusterServer Rpc server started at port 9849

2025-05-29 09:35:54,475 INFO [ClientConnectionEventListenerRegistry] registry listener - RpcAckCallbackInitorOrCleaner

2025-05-29 09:39:11,156 INFO [ClientConnectionEventListenerRegistry] registry listener - ConnectionBasedClientManager

2025-05-29 09:39:14,423 INFO [ClientConnectionEventListenerRegistry] registry listener - ConfigConnectionEventListener

2025-05-29 09:39:14,448 INFO Nacos GrpcSdkServer Rpc server starting at port 9848

2025-05-29 09:39:14,677 INFO Load ProtocolNegotiatorBuilder com.alibaba.nacos.core.remote.grpc.negotiator.tls.SdkDefaultTlsProtocolNegotiatorBuilder for type DEFAULT_TLS

2025-05-29 09:39:14,678 INFO Load ProtocolNegotiatorBuilder com.alibaba.nacos.core.remote.grpc.negotiator.tls.ClusterDefaultTlsProtocolNegotiatorBuilder for type CLUSTER_DEFAULT_TLS

2025-05-29 09:39:14,679 WARN Not found ProtocolNegotiatorBuilder for type nacos.remote.server.rpc.protocol.negotiator.type, will use default type nacos.remote.server.rpc.protocol.negotiator.type

2025-05-29 09:39:14,683 WARN Recommended use 'nacos.remote.server.grpc.sdk.max-inbound-message-size' property instead 'nacos.remote.server.grpc.maxinbound.message.size', now property value is 10485760

2025-05-29 09:39:14,853 INFO Ssl Context auto refresh is not supported.

2025-05-29 09:39:14,854 INFO Ssl Context auto refresh is not supported.

2025-05-29 09:39:14,854 INFO RpcServerSslContextRefresher initialization completed.

2025-05-29 09:39:14,854 INFO Nacos GrpcSdkServer Rpc server started at port 9848

2025-05-29 09:39:14,856 INFO Nacos GrpcClusterServer Rpc server starting at port 9849

2025-05-29 09:39:14,859 WARN Not found ProtocolNegotiatorBuilder for type nacos.remote.cluster.server.rpc.protocol.negotiator.type, will use default type nacos.remote.cluster.server.rpc.protocol.negotiator.type

2025-05-29 09:39:14,859 WARN Recommended use 'nacos.remote.server.grpc.cluster.max-inbound-message-size' property instead 'nacos.remote.server.grpc.maxinbound.message.size', now property value is 10485760

2025-05-29 09:39:14,862 INFO Nacos GrpcClusterServer Rpc server started at port 9849

2025-05-29 09:39:14,881 INFO [ClientConnectionEventListenerRegistry] registry listener - RpcAckCallbackInitorOrCleaner

2025-05-29 09:39:36,738 INFO Nacos GrpcClusterServer Rpc server stopping

2025-05-29 09:39:36,738 INFO Nacos GrpcSdkServer Rpc server stopping

2025-05-29 09:39:36,754 INFO Nacos GrpcClusterServer Rpc server stopped successfully...

2025-05-29 09:39:36,754 INFO Nacos GrpcSdkServer Rpc server stopped successfully...

2025-05-29 09:39:51,227 INFO [ClientConnectionEventListenerRegistry] registry listener - ConnectionBasedClientManager

2025-05-29 09:39:56,238 INFO [ClientConnectionEventListenerRegistry] registry listener - ConfigConnectionEventListener

2025-05-29 09:39:56,270 INFO Nacos GrpcSdkServer Rpc server starting at port 9848

2025-05-29 09:39:56,462 INFO Load ProtocolNegotiatorBuilder com.alibaba.nacos.core.remote.grpc.negotiator.tls.SdkDefaultTlsProtocolNegotiatorBuilder for type DEFAULT_TLS

2025-05-29 09:39:56,464 INFO Load ProtocolNegotiatorBuilder com.alibaba.nacos.core.remote.grpc.negotiator.tls.ClusterDefaultTlsProtocolNegotiatorBuilder for type CLUSTER_DEFAULT_TLS

2025-05-29 09:39:56,464 WARN Not found ProtocolNegotiatorBuilder for type nacos.remote.server.rpc.protocol.negotiator.type, will use default type nacos.remote.server.rpc.protocol.negotiator.type

2025-05-29 09:39:56,470 WARN Recommended use 'nacos.remote.server.grpc.sdk.max-inbound-message-size' property instead 'nacos.remote.server.grpc.maxinbound.message.size', now property value is 10485760

2025-05-29 09:39:56,658 INFO Ssl Context auto refresh is not supported.

2025-05-29 09:39:56,660 INFO Ssl Context auto refresh is not supported.

2025-05-29 09:39:56,660 INFO RpcServerSslContextRefresher initialization completed.

2025-05-29 09:39:56,661 INFO Nacos GrpcSdkServer Rpc server started at port 9848

2025-05-29 09:39:56,665 INFO Nacos GrpcClusterServer Rpc server starting at port 9849

2025-05-29 09:39:56,667 WARN Not found ProtocolNegotiatorBuilder for type nacos.remote.cluster.server.rpc.protocol.negotiator.type, will use default type nacos.remote.cluster.server.rpc.protocol.negotiator.type

2025-05-29 09:39:56,668 WARN Recommended use 'nacos.remote.server.grpc.cluster.max-inbound-message-size' property instead 'nacos.remote.server.grpc.maxinbound.message.size', now property value is 10485760

2025-05-29 09:39:56,672 INFO Nacos GrpcClusterServer Rpc server started at port 9849

2025-05-29 09:39:56,699 INFO [ClientConnectionEventListenerRegistry] registry listener - RpcAckCallbackInitorOrCleaner

2025-05-29 09:58:22,543 INFO Nacos GrpcClusterServer Rpc server stopping

2025-05-29 09:58:22,544 INFO Nacos GrpcSdkServer Rpc server stopping

2025-05-29 09:58:22,569 INFO Nacos GrpcClusterServer Rpc server stopped successfully...

2025-05-29 09:58:22,569 INFO Nacos GrpcSdkServer Rpc server stopped successfully...

2025-05-29 09:58:38,682 INFO [ClientConnectionEventListenerRegistry] registry listener - ConnectionBasedClientManager

2025-05-29 09:58:43,974 INFO [ClientConnectionEventListenerRegistry] registry listener - ConfigConnectionEventListener

2025-05-29 09:58:44,044 INFO Nacos GrpcSdkServer Rpc server starting at port 9848

2025-05-29 09:58:44,269 INFO Load ProtocolNegotiatorBuilder com.alibaba.nacos.core.remote.grpc.negotiator.tls.SdkDefaultTlsProtocolNegotiatorBuilder for type DEFAULT_TLS

2025-05-29 09:58:44,271 INFO Load ProtocolNegotiatorBuilder com.alibaba.nacos.core.remote.grpc.negotiator.tls.ClusterDefaultTlsProtocolNegotiatorBuilder for type CLUSTER_DEFAULT_TLS

2025-05-29 09:58:44,272 WARN Not found ProtocolNegotiatorBuilder for type nacos.remote.server.rpc.protocol.negotiator.type, will use default type nacos.remote.server.rpc.protocol.negotiator.type

2025-05-29 09:58:44,278 WARN Recommended use 'nacos.remote.server.grpc.sdk.max-inbound-message-size' property instead 'nacos.remote.server.grpc.maxinbound.message.size', now property value is 10485760

2025-05-29 09:58:44,447 INFO Ssl Context auto refresh is not supported.

2025-05-29 09:58:44,448 INFO Ssl Context auto refresh is not supported.

2025-05-29 09:58:44,449 INFO RpcServerSslContextRefresher initialization completed.

2025-05-29 09:58:44,449 INFO Nacos GrpcSdkServer Rpc server started at port 9848

2025-05-29 09:58:44,452 INFO Nacos GrpcClusterServer Rpc server starting at port 9849

2025-05-29 09:58:44,453 WARN Not found ProtocolNegotiatorBuilder for type nacos.remote.cluster.server.rpc.protocol.negotiator.type, will use default type nacos.remote.cluster.server.rpc.protocol.negotiator.type

2025-05-29 09:58:44,454 WARN Recommended use 'nacos.remote.server.grpc.cluster.max-inbound-message-size' property instead 'nacos.remote.server.grpc.maxinbound.message.size', now property value is 10485760

2025-05-29 09:58:44,456 INFO Nacos GrpcClusterServer Rpc server started at port 9849

2025-05-29 09:58:44,478 INFO [ClientConnectionEventListenerRegistry] registry listener - RpcAckCallbackInitorOrCleaner

2025-05-29 10:05:43,341 INFO Nacos GrpcClusterServer Rpc server stopping

2025-05-29 10:05:43,345 INFO Nacos GrpcSdkServer Rpc server stopping

2025-05-29 10:05:43,371 INFO Nacos GrpcClusterServer Rpc server stopped successfully...

2025-05-29 10:05:43,371 INFO Nacos GrpcSdkServer Rpc server stopped successfully...

2025-05-29 10:06:27,366 INFO [ClientConnectionEventListenerRegistry] registry listener - ConnectionBasedClientManager

2025-05-29 10:06:33,298 INFO [ClientConnectionEventListenerRegistry] registry listener - ConfigConnectionEventListener

2025-05-29 10:06:33,333 INFO Nacos GrpcSdkServer Rpc server starting at port 9848

2025-05-29 10:06:33,567 INFO Load ProtocolNegotiatorBuilder com.alibaba.nacos.core.remote.grpc.negotiator.tls.SdkDefaultTlsProtocolNegotiatorBuilder for type DEFAULT_TLS

2025-05-29 10:06:33,569 INFO Load ProtocolNegotiatorBuilder com.alibaba.nacos.core.remote.grpc.negotiator.tls.ClusterDefaultTlsProtocolNegotiatorBuilder for type CLUSTER_DEFAULT_TLS

2025-05-29 10:06:33,570 WARN Not found ProtocolNegotiatorBuilder for type nacos.remote.server.rpc.protocol.negotiator.type, will use default type nacos.remote.server.rpc.protocol.negotiator.type

2025-05-29 10:06:33,574 WARN Recommended use 'nacos.remote.server.grpc.sdk.max-inbound-message-size' property instead 'nacos.remote.server.grpc.maxinbound.message.size', now property value is 10485760

2025-05-29 10:06:33,722 INFO Ssl Context auto refresh is not supported.

2025-05-29 10:06:33,723 INFO Ssl Context auto refresh is not supported.

2025-05-29 10:06:33,724 INFO RpcServerSslContextRefresher initialization completed.

2025-05-29 10:06:33,725 INFO Nacos GrpcSdkServer Rpc server started at port 9848

2025-05-29 10:06:33,727 INFO Nacos GrpcClusterServer Rpc server starting at port 9849

2025-05-29 10:06:33,729 WARN Not found ProtocolNegotiatorBuilder for type nacos.remote.cluster.server.rpc.protocol.negotiator.type, will use default type nacos.remote.cluster.server.rpc.protocol.negotiator.type

2025-05-29 10:06:33,734 WARN Recommended use 'nacos.remote.server.grpc.cluster.max-inbound-message-size' property instead 'nacos.remote.server.grpc.maxinbound.message.size', now property value is 10485760

2025-05-29 10:06:33,736 INFO Nacos GrpcClusterServer Rpc server started at port 9849

2025-05-29 10:06:33,813 INFO [ClientConnectionEventListenerRegistry] registry listener - RpcAckCallbackInitorOrCleaner

2025-05-29 10:20:48,590 INFO Nacos GrpcClusterServer Rpc server stopping

2025-05-29 10:20:48,591 INFO Nacos GrpcSdkServer Rpc server stopping

2025-05-29 10:20:48,616 INFO Nacos GrpcClusterServer Rpc server stopped successfully...

2025-05-29 10:20:48,616 INFO Nacos GrpcSdkServer Rpc server stopped successfully...

2025-05-29 10:22:23,364 INFO [ClientConnectionEventListenerRegistry] registry listener - ConnectionBasedClientManager

2025-05-29 10:22:28,377 INFO [ClientConnectionEventListenerRegistry] registry listener - ConfigConnectionEventListener

2025-05-29 10:22:28,408 INFO Nacos GrpcSdkServer Rpc server starting at port 9848

2025-05-29 10:22:28,667 INFO Load ProtocolNegotiatorBuilder com.alibaba.nacos.core.remote.grpc.negotiator.tls.SdkDefaultTlsProtocolNegotiatorBuilder for type DEFAULT_TLS

2025-05-29 10:22:28,668 INFO Load ProtocolNegotiatorBuilder com.alibaba.nacos.core.remote.grpc.negotiator.tls.ClusterDefaultTlsProtocolNegotiatorBuilder for type CLUSTER_DEFAULT_TLS

2025-05-29 10:22:28,669 WARN Not found ProtocolNegotiatorBuilder for type nacos.remote.server.rpc.protocol.negotiator.type, will use default type nacos.remote.server.rpc.protocol.negotiator.type

2025-05-29 10:22:28,672 WARN Recommended use 'nacos.remote.server.grpc.sdk.max-inbound-message-size' property instead 'nacos.remote.server.grpc.maxinbound.message.size', now property value is 10485760

2025-05-29 10:22:28,824 INFO Ssl Context auto refresh is not supported.

2025-05-29 10:22:28,825 INFO Ssl Context auto refresh is not supported.

2025-05-29 10:22:28,826 INFO RpcServerSslContextRefresher initialization completed.

2025-05-29 10:22:28,826 INFO Nacos GrpcSdkServer Rpc server started at port 9848

2025-05-29 10:22:28,829 INFO Nacos GrpcClusterServer Rpc server starting at port 9849

2025-05-29 10:22:28,831 WARN Not found ProtocolNegotiatorBuilder for type nacos.remote.cluster.server.rpc.protocol.negotiator.type, will use default type nacos.remote.cluster.server.rpc.protocol.negotiator.type

2025-05-29 10:22:28,832 WARN Recommended use 'nacos.remote.server.grpc.cluster.max-inbound-message-size' property instead 'nacos.remote.server.grpc.maxinbound.message.size', now property value is 10485760

2025-05-29 10:22:28,834 INFO Nacos GrpcClusterServer Rpc server started at port 9849

2025-05-29 10:22:28,856 INFO [ClientConnectionEventListenerRegistry] registry listener - RpcAckCallbackInitorOrCleaner

